running develop
running egg_info
creating ros2_nmea_pkg.egg-info
writing ros2_nmea_pkg.egg-info/PKG-INFO
writing dependency_links to ros2_nmea_pkg.egg-info/dependency_links.txt
writing entry points to ros2_nmea_pkg.egg-info/entry_points.txt
writing requirements to ros2_nmea_pkg.egg-info/requires.txt
writing top-level names to ros2_nmea_pkg.egg-info/top_level.txt
writing manifest file 'ros2_nmea_pkg.egg-info/SOURCES.txt'
reading manifest file 'ros2_nmea_pkg.egg-info/SOURCES.txt'
writing manifest file 'ros2_nmea_pkg.egg-info/SOURCES.txt'
running build_ext
Creating /home/hankyeolyu/vilab/freshman/step2/nmea_ws/install/ros2_nmea_pkg/lib/python3.8/site-packages/site.py
Creating /home/hankyeolyu/vilab/freshman/step2/nmea_ws/install/ros2_nmea_pkg/lib/python3.8/site-packages/ros2-nmea-pkg.egg-link (link to .)

Installed /home/hankyeolyu/vilab/freshman/step2/nmea_ws/build/ros2_nmea_pkg
running install_data
creating /home/hankyeolyu/vilab/freshman/step2/nmea_ws/install/ros2_nmea_pkg/share/ament_index
creating /home/hankyeolyu/vilab/freshman/step2/nmea_ws/install/ros2_nmea_pkg/share/ament_index/resource_index
creating /home/hankyeolyu/vilab/freshman/step2/nmea_ws/install/ros2_nmea_pkg/share/ament_index/resource_index/packages
copying resource/ros2_nmea_pkg -> /home/hankyeolyu/vilab/freshman/step2/nmea_ws/install/ros2_nmea_pkg/share/ament_index/resource_index/packages
copying package.xml -> /home/hankyeolyu/vilab/freshman/step2/nmea_ws/install/ros2_nmea_pkg/share/ros2_nmea_pkg
