[0.712s] Invoking command in '/home/hankyeolyu/vilab/freshman/step2/nmea_ws/build/ros2_nmea_pkg': PYTHONPATH=/home/hankyeolyu/vilab/freshman/step2/nmea_ws/build/ros2_nmea_pkg/prefix_override:/home/hankyeolyu/vilab/freshman/step2/nmea_ws/install/ros2_nmea_pkg/lib/python3.8/site-packages:${PYTHONPATH} /usr/bin/python3 setup.py develop --editable --build-directory /home/hankyeolyu/vilab/freshman/step2/nmea_ws/build/ros2_nmea_pkg/build --no-deps install_data
[0.833s] running develop
[0.895s] running egg_info
[0.895s] creating ros2_nmea_pkg.egg-info
[0.895s] writing ros2_nmea_pkg.egg-info/PKG-INFO
[0.895s] writing dependency_links to ros2_nmea_pkg.egg-info/dependency_links.txt
[0.895s] writing entry points to ros2_nmea_pkg.egg-info/entry_points.txt
[0.895s] writing requirements to ros2_nmea_pkg.egg-info/requires.txt
[0.895s] writing top-level names to ros2_nmea_pkg.egg-info/top_level.txt
[0.896s] writing manifest file 'ros2_nmea_pkg.egg-info/SOURCES.txt'
[0.913s] reading manifest file 'ros2_nmea_pkg.egg-info/SOURCES.txt'
[0.914s] writing manifest file 'ros2_nmea_pkg.egg-info/SOURCES.txt'
[0.932s] running build_ext
[0.932s] Creating /home/hankyeolyu/vilab/freshman/step2/nmea_ws/install/ros2_nmea_pkg/lib/python3.8/site-packages/site.py
[0.934s] Creating /home/hankyeolyu/vilab/freshman/step2/nmea_ws/install/ros2_nmea_pkg/lib/python3.8/site-packages/ros2-nmea-pkg.egg-link (link to .)
[0.934s] 
[0.934s] Installed /home/hankyeolyu/vilab/freshman/step2/nmea_ws/build/ros2_nmea_pkg
[0.934s] running install_data
[0.934s] creating /home/hankyeolyu/vilab/freshman/step2/nmea_ws/install/ros2_nmea_pkg/share/ament_index
[0.934s] creating /home/hankyeolyu/vilab/freshman/step2/nmea_ws/install/ros2_nmea_pkg/share/ament_index/resource_index
[0.934s] creating /home/hankyeolyu/vilab/freshman/step2/nmea_ws/install/ros2_nmea_pkg/share/ament_index/resource_index/packages
[0.934s] copying resource/ros2_nmea_pkg -> /home/hankyeolyu/vilab/freshman/step2/nmea_ws/install/ros2_nmea_pkg/share/ament_index/resource_index/packages
[0.935s] copying package.xml -> /home/hankyeolyu/vilab/freshman/step2/nmea_ws/install/ros2_nmea_pkg/share/ros2_nmea_pkg
[0.953s] Invoked command in '/home/hankyeolyu/vilab/freshman/step2/nmea_ws/build/ros2_nmea_pkg' returned '0': PYTHONPATH=/home/hankyeolyu/vilab/freshman/step2/nmea_ws/build/ros2_nmea_pkg/prefix_override:/home/hankyeolyu/vilab/freshman/step2/nmea_ws/install/ros2_nmea_pkg/lib/python3.8/site-packages:${PYTHONPATH} /usr/bin/python3 setup.py develop --editable --build-directory /home/hankyeolyu/vilab/freshman/step2/nmea_ws/build/ros2_nmea_pkg/build --no-deps install_data
