[0.767s] Invoking command in '/home/hankyeolyu/vilab/freshman/step2/nmea_ws/src/ros2_nmea_pkg': PYTHONPATH=/home/hankyeolyu/vilab/freshman/step2/nmea_ws/build/ros2_nmea_pkg/prefix_override:/home/hankyeolyu/vilab/freshman/step2/nmea_ws/install/ros2_nmea_pkg/lib/python3.8/site-packages:${PYTHONPATH} /usr/bin/python3 setup.py egg_info --egg-base ../../build/ros2_nmea_pkg build --build-base /home/hankyeolyu/vilab/freshman/step2/nmea_ws/build/ros2_nmea_pkg/build install --record /home/hankyeolyu/vilab/freshman/step2/nmea_ws/build/ros2_nmea_pkg/install.log --install-scripts $base/lib/ros2_nmea_pkg --single-version-externally-managed
[0.875s] running egg_info
[0.875s] writing ../../build/ros2_nmea_pkg/ros2_nmea_pkg.egg-info/PKG-INFO
[0.875s] writing dependency_links to ../../build/ros2_nmea_pkg/ros2_nmea_pkg.egg-info/dependency_links.txt
[0.875s] writing entry points to ../../build/ros2_nmea_pkg/ros2_nmea_pkg.egg-info/entry_points.txt
[0.875s] writing requirements to ../../build/ros2_nmea_pkg/ros2_nmea_pkg.egg-info/requires.txt
[0.876s] writing top-level names to ../../build/ros2_nmea_pkg/ros2_nmea_pkg.egg-info/top_level.txt
[0.894s] reading manifest file '../../build/ros2_nmea_pkg/ros2_nmea_pkg.egg-info/SOURCES.txt'
[0.894s] writing manifest file '../../build/ros2_nmea_pkg/ros2_nmea_pkg.egg-info/SOURCES.txt'
[0.894s] running build
[0.894s] running build_py
[0.895s] copying ros2_nmea_pkg/serial_nmea_subscriber.py -> /home/hankyeolyu/vilab/freshman/step2/nmea_ws/build/ros2_nmea_pkg/build/lib/ros2_nmea_pkg
[0.895s] copying ros2_nmea_pkg/serial_nmea_publisher.py -> /home/hankyeolyu/vilab/freshman/step2/nmea_ws/build/ros2_nmea_pkg/build/lib/ros2_nmea_pkg
[0.895s] running install
[0.895s] running install_lib
[0.895s] copying /home/hankyeolyu/vilab/freshman/step2/nmea_ws/build/ros2_nmea_pkg/build/lib/ros2_nmea_pkg/serial_nmea_subscriber.py -> /home/hankyeolyu/vilab/freshman/step2/nmea_ws/install/ros2_nmea_pkg/lib/python3.8/site-packages/ros2_nmea_pkg
[0.896s] copying /home/hankyeolyu/vilab/freshman/step2/nmea_ws/build/ros2_nmea_pkg/build/lib/ros2_nmea_pkg/serial_nmea_publisher.py -> /home/hankyeolyu/vilab/freshman/step2/nmea_ws/install/ros2_nmea_pkg/lib/python3.8/site-packages/ros2_nmea_pkg
[0.896s] byte-compiling /home/hankyeolyu/vilab/freshman/step2/nmea_ws/install/ros2_nmea_pkg/lib/python3.8/site-packages/ros2_nmea_pkg/serial_nmea_subscriber.py to serial_nmea_subscriber.cpython-38.pyc
[0.897s] byte-compiling /home/hankyeolyu/vilab/freshman/step2/nmea_ws/install/ros2_nmea_pkg/lib/python3.8/site-packages/ros2_nmea_pkg/serial_nmea_publisher.py to serial_nmea_publisher.cpython-38.pyc
[0.897s] running install_data
[0.897s] running install_egg_info
[0.898s] removing '/home/hankyeolyu/vilab/freshman/step2/nmea_ws/install/ros2_nmea_pkg/lib/python3.8/site-packages/ros2_nmea_pkg-0.0.0-py3.8.egg-info' (and everything under it)
[0.898s] Copying ../../build/ros2_nmea_pkg/ros2_nmea_pkg.egg-info to /home/hankyeolyu/vilab/freshman/step2/nmea_ws/install/ros2_nmea_pkg/lib/python3.8/site-packages/ros2_nmea_pkg-0.0.0-py3.8.egg-info
[0.899s] running install_scripts
[0.909s] Installing nmea_publisher script to /home/hankyeolyu/vilab/freshman/step2/nmea_ws/install/ros2_nmea_pkg/lib/ros2_nmea_pkg
[0.909s] Installing nmea_subscriber script to /home/hankyeolyu/vilab/freshman/step2/nmea_ws/install/ros2_nmea_pkg/lib/ros2_nmea_pkg
[0.909s] Installing serial_nmea_publisher script to /home/hankyeolyu/vilab/freshman/step2/nmea_ws/install/ros2_nmea_pkg/lib/ros2_nmea_pkg
[0.909s] Installing serial_nmea_subscriber script to /home/hankyeolyu/vilab/freshman/step2/nmea_ws/install/ros2_nmea_pkg/lib/ros2_nmea_pkg
[0.909s] writing list of installed files to '/home/hankyeolyu/vilab/freshman/step2/nmea_ws/build/ros2_nmea_pkg/install.log'
[0.922s] Invoked command in '/home/hankyeolyu/vilab/freshman/step2/nmea_ws/src/ros2_nmea_pkg' returned '0': PYTHONPATH=/home/hankyeolyu/vilab/freshman/step2/nmea_ws/build/ros2_nmea_pkg/prefix_override:/home/hankyeolyu/vilab/freshman/step2/nmea_ws/install/ros2_nmea_pkg/lib/python3.8/site-packages:${PYTHONPATH} /usr/bin/python3 setup.py egg_info --egg-base ../../build/ros2_nmea_pkg build --build-base /home/hankyeolyu/vilab/freshman/step2/nmea_ws/build/ros2_nmea_pkg/build install --record /home/hankyeolyu/vilab/freshman/step2/nmea_ws/build/ros2_nmea_pkg/install.log --install-scripts $base/lib/ros2_nmea_pkg --single-version-externally-managed
