[  3%] [34m[1mGenerating C code for ROS interfaces[0m
[  6%] [34m[1mGenerating C++ code for ROS interfaces[0m
[  6%] Built target nmea_msgs__cpp
[35m[1mScanning dependencies of target nmea_msgs__rosidl_generator_c[0m
[ 16%] [34m[1mGenerating C++ introspection for ROS interfaces[0m
[ 16%] [34m[1mGenerating C++ type support for eProsima Fast-RTPS[0m
[ 16%] [34m[1mGenerating C++ type support dispatch for ROS interfaces[0m
[ 19%] [32mBuilding C object CMakeFiles/nmea_msgs__rosidl_generator_c.dir/rosidl_generator_c/nmea_msgs/msg/detail/nmea_data__functions.c.o[0m
[ 22%] [32m[1mLinking C shared library libnmea_msgs__rosidl_generator_c.so[0m
[ 22%] Built target nmea_msgs__rosidl_generator_c
[ 25%] [34m[1mGenerating C type support dispatch for ROS interfaces[0m
[ 29%] [34m[1mGenerating C introspection for ROS interfaces[0m
[35m[1mScanning dependencies of target nmea_msgs__rosidl_typesupport_cpp[0m
[ 32%] [32mBuilding CXX object CMakeFiles/nmea_msgs__rosidl_typesupport_cpp.dir/rosidl_typesupport_cpp/nmea_msgs/msg/nmea_data__type_support.cpp.o[0m
[35m[1mScanning dependencies of target nmea_msgs__rosidl_typesupport_introspection_cpp[0m
[35m[1mScanning dependencies of target nmea_msgs__rosidl_typesupport_fastrtps_cpp[0m
[ 35%] [32mBuilding CXX object CMakeFiles/nmea_msgs__rosidl_typesupport_introspection_cpp.dir/rosidl_typesupport_introspection_cpp/nmea_msgs/msg/detail/nmea_data__type_support.cpp.o[0m
[ 38%] [32mBuilding CXX object CMakeFiles/nmea_msgs__rosidl_typesupport_fastrtps_cpp.dir/rosidl_typesupport_fastrtps_cpp/nmea_msgs/msg/detail/dds_fastrtps/nmea_data__type_support.cpp.o[0m
[35m[1mScanning dependencies of target nmea_msgs__rosidl_typesupport_c[0m
[ 41%] [32mBuilding CXX object CMakeFiles/nmea_msgs__rosidl_typesupport_c.dir/rosidl_typesupport_c/nmea_msgs/msg/nmea_data__type_support.cpp.o[0m
[35m[1mScanning dependencies of target nmea_msgs__rosidl_typesupport_introspection_c[0m
[ 45%] [32mBuilding C object CMakeFiles/nmea_msgs__rosidl_typesupport_introspection_c.dir/rosidl_typesupport_introspection_c/nmea_msgs/msg/detail/nmea_data__type_support.c.o[0m
[ 48%] [32m[1mLinking CXX shared library libnmea_msgs__rosidl_typesupport_c.so[0m
[ 51%] [32m[1mLinking C shared library libnmea_msgs__rosidl_typesupport_introspection_c.so[0m
[ 51%] Built target nmea_msgs__rosidl_typesupport_c
[ 51%] Built target nmea_msgs__rosidl_typesupport_introspection_c
[ 54%] [32m[1mLinking CXX shared library libnmea_msgs__rosidl_typesupport_introspection_cpp.so[0m
[ 58%] [32m[1mLinking CXX shared library libnmea_msgs__rosidl_typesupport_cpp.so[0m
[ 58%] Built target nmea_msgs__rosidl_typesupport_cpp
[ 58%] Built target nmea_msgs__rosidl_typesupport_introspection_cpp
[ 61%] [32m[1mLinking CXX shared library libnmea_msgs__rosidl_typesupport_fastrtps_cpp.so[0m
[ 61%] Built target nmea_msgs__rosidl_typesupport_fastrtps_cpp
[ 64%] [34m[1mGenerating C type support for eProsima Fast-RTPS[0m
[35m[1mScanning dependencies of target nmea_msgs__rosidl_typesupport_fastrtps_c[0m
[ 67%] [32mBuilding CXX object CMakeFiles/nmea_msgs__rosidl_typesupport_fastrtps_c.dir/rosidl_typesupport_fastrtps_c/nmea_msgs/msg/detail/nmea_data__type_support_c.cpp.o[0m
[ 70%] [32m[1mLinking CXX shared library libnmea_msgs__rosidl_typesupport_fastrtps_c.so[0m
[ 70%] Built target nmea_msgs__rosidl_typesupport_fastrtps_c
[35m[1mScanning dependencies of target nmea_msgs[0m
[ 70%] Built target nmea_msgs
[35m[1mScanning dependencies of target nmea_msgs__py[0m
[ 74%] [34m[1mGenerating Python code for ROS interfaces[0m
[ 74%] Built target nmea_msgs__py
[35m[1mScanning dependencies of target nmea_msgs__python[0m
[ 77%] [32mBuilding C object CMakeFiles/nmea_msgs__python.dir/rosidl_generator_py/nmea_msgs/msg/_nmea_data_s.c.o[0m
[ 80%] [32m[1mLinking C shared library rosidl_generator_py/nmea_msgs/libnmea_msgs__python.so[0m
[ 80%] Built target nmea_msgs__python
[35m[1mScanning dependencies of target nmea_msgs__rosidl_typesupport_introspection_c__pyext[0m
[35m[1mScanning dependencies of target nmea_msgs__rosidl_typesupport_c__pyext[0m
[35m[1mScanning dependencies of target nmea_msgs__rosidl_typesupport_fastrtps_c__pyext[0m
[ 83%] [32mBuilding C object CMakeFiles/nmea_msgs__rosidl_typesupport_fastrtps_c__pyext.dir/rosidl_generator_py/nmea_msgs/_nmea_msgs_s.ep.rosidl_typesupport_fastrtps_c.c.o[0m
[ 87%] [32mBuilding C object CMakeFiles/nmea_msgs__rosidl_typesupport_c__pyext.dir/rosidl_generator_py/nmea_msgs/_nmea_msgs_s.ep.rosidl_typesupport_c.c.o[0m
[ 90%] [32mBuilding C object CMakeFiles/nmea_msgs__rosidl_typesupport_introspection_c__pyext.dir/rosidl_generator_py/nmea_msgs/_nmea_msgs_s.ep.rosidl_typesupport_introspection_c.c.o[0m
[100%] [32m[1mLinking CXX shared library rosidl_generator_py/nmea_msgs/nmea_msgs_s__rosidl_typesupport_fastrtps_c.cpython-311-x86_64-linux-gnu.so[0m
[100%] [32m[1mLinking C shared library rosidl_generator_py/nmea_msgs/nmea_msgs_s__rosidl_typesupport_introspection_c.cpython-311-x86_64-linux-gnu.so[0m
[100%] [32m[1mLinking C shared library rosidl_generator_py/nmea_msgs/nmea_msgs_s__rosidl_typesupport_c.cpython-311-x86_64-linux-gnu.so[0m
[100%] Built target nmea_msgs__rosidl_typesupport_c__pyext
[100%] Built target nmea_msgs__rosidl_typesupport_introspection_c__pyext
[100%] Built target nmea_msgs__rosidl_typesupport_fastrtps_c__pyext
-- Install configuration: ""
-- Installing: /home/hankyeolyu/vilab/freshman/step2/NMEA-Parsing/install/nmea_msgs/share/ament_index/resource_index/rosidl_interfaces/nmea_msgs
-- Installing: /home/hankyeolyu/vilab/freshman/step2/NMEA-Parsing/install/nmea_msgs/include/nmea_msgs
-- Installing: /home/hankyeolyu/vilab/freshman/step2/NMEA-Parsing/install/nmea_msgs/include/nmea_msgs/msg
-- Installing: /home/hankyeolyu/vilab/freshman/step2/NMEA-Parsing/install/nmea_msgs/include/nmea_msgs/msg/detail
-- Installing: /home/hankyeolyu/vilab/freshman/step2/NMEA-Parsing/install/nmea_msgs/include/nmea_msgs/msg/detail/nmea_data__functions.c
-- Installing: /home/hankyeolyu/vilab/freshman/step2/NMEA-Parsing/install/nmea_msgs/include/nmea_msgs/msg/detail/nmea_data__struct.h
-- Installing: /home/hankyeolyu/vilab/freshman/step2/NMEA-Parsing/install/nmea_msgs/include/nmea_msgs/msg/detail/nmea_data__type_support.h
-- Installing: /home/hankyeolyu/vilab/freshman/step2/NMEA-Parsing/install/nmea_msgs/include/nmea_msgs/msg/detail/nmea_data__functions.h
-- Installing: /home/hankyeolyu/vilab/freshman/step2/NMEA-Parsing/install/nmea_msgs/include/nmea_msgs/msg/nmea_data.h
-- Installing: /home/hankyeolyu/vilab/freshman/step2/NMEA-Parsing/install/nmea_msgs/include/nmea_msgs/msg/rosidl_generator_c__visibility_control.h
-- Installing: /home/hankyeolyu/vilab/freshman/step2/NMEA-Parsing/install/nmea_msgs/share/nmea_msgs/environment/library_path.sh
-- Installing: /home/hankyeolyu/vilab/freshman/step2/NMEA-Parsing/install/nmea_msgs/share/nmea_msgs/environment/library_path.dsv
-- Installing: /home/hankyeolyu/vilab/freshman/step2/NMEA-Parsing/install/nmea_msgs/lib/libnmea_msgs__rosidl_generator_c.so
-- Set runtime path of "/home/hankyeolyu/vilab/freshman/step2/NMEA-Parsing/install/nmea_msgs/lib/libnmea_msgs__rosidl_generator_c.so" to ""
-- Up-to-date: /home/hankyeolyu/vilab/freshman/step2/NMEA-Parsing/install/nmea_msgs/include/nmea_msgs
-- Up-to-date: /home/hankyeolyu/vilab/freshman/step2/NMEA-Parsing/install/nmea_msgs/include/nmea_msgs/msg
-- Up-to-date: /home/hankyeolyu/vilab/freshman/step2/NMEA-Parsing/install/nmea_msgs/include/nmea_msgs/msg/detail
-- Installing: /home/hankyeolyu/vilab/freshman/step2/NMEA-Parsing/install/nmea_msgs/include/nmea_msgs/msg/detail/nmea_data__rosidl_typesupport_fastrtps_c.h
-- Installing: /home/hankyeolyu/vilab/freshman/step2/NMEA-Parsing/install/nmea_msgs/include/nmea_msgs/msg/rosidl_typesupport_fastrtps_c__visibility_control.h
-- Installing: /home/hankyeolyu/vilab/freshman/step2/NMEA-Parsing/install/nmea_msgs/lib/libnmea_msgs__rosidl_typesupport_fastrtps_c.so
-- Set runtime path of "/home/hankyeolyu/vilab/freshman/step2/NMEA-Parsing/install/nmea_msgs/lib/libnmea_msgs__rosidl_typesupport_fastrtps_c.so" to ""
-- Up-to-date: /home/hankyeolyu/vilab/freshman/step2/NMEA-Parsing/install/nmea_msgs/include/nmea_msgs
-- Up-to-date: /home/hankyeolyu/vilab/freshman/step2/NMEA-Parsing/install/nmea_msgs/include/nmea_msgs/msg
-- Up-to-date: /home/hankyeolyu/vilab/freshman/step2/NMEA-Parsing/install/nmea_msgs/include/nmea_msgs/msg/detail
-- Installing: /home/hankyeolyu/vilab/freshman/step2/NMEA-Parsing/install/nmea_msgs/include/nmea_msgs/msg/detail/nmea_data__rosidl_typesupport_fastrtps_cpp.hpp
-- Installing: /home/hankyeolyu/vilab/freshman/step2/NMEA-Parsing/install/nmea_msgs/include/nmea_msgs/msg/detail/dds_fastrtps
-- Installing: /home/hankyeolyu/vilab/freshman/step2/NMEA-Parsing/install/nmea_msgs/include/nmea_msgs/msg/rosidl_typesupport_fastrtps_cpp__visibility_control.h
-- Installing: /home/hankyeolyu/vilab/freshman/step2/NMEA-Parsing/install/nmea_msgs/lib/libnmea_msgs__rosidl_typesupport_fastrtps_cpp.so
-- Set runtime path of "/home/hankyeolyu/vilab/freshman/step2/NMEA-Parsing/install/nmea_msgs/lib/libnmea_msgs__rosidl_typesupport_fastrtps_cpp.so" to ""
-- Up-to-date: /home/hankyeolyu/vilab/freshman/step2/NMEA-Parsing/install/nmea_msgs/include/nmea_msgs
-- Up-to-date: /home/hankyeolyu/vilab/freshman/step2/NMEA-Parsing/install/nmea_msgs/include/nmea_msgs/msg
-- Up-to-date: /home/hankyeolyu/vilab/freshman/step2/NMEA-Parsing/install/nmea_msgs/include/nmea_msgs/msg/detail
-- Installing: /home/hankyeolyu/vilab/freshman/step2/NMEA-Parsing/install/nmea_msgs/include/nmea_msgs/msg/detail/nmea_data__rosidl_typesupport_introspection_c.h
-- Installing: /home/hankyeolyu/vilab/freshman/step2/NMEA-Parsing/install/nmea_msgs/include/nmea_msgs/msg/detail/nmea_data__type_support.c
-- Installing: /home/hankyeolyu/vilab/freshman/step2/NMEA-Parsing/install/nmea_msgs/include/nmea_msgs/msg/rosidl_typesupport_introspection_c__visibility_control.h
-- Installing: /home/hankyeolyu/vilab/freshman/step2/NMEA-Parsing/install/nmea_msgs/lib/libnmea_msgs__rosidl_typesupport_introspection_c.so
-- Set runtime path of "/home/hankyeolyu/vilab/freshman/step2/NMEA-Parsing/install/nmea_msgs/lib/libnmea_msgs__rosidl_typesupport_introspection_c.so" to ""
-- Installing: /home/hankyeolyu/vilab/freshman/step2/NMEA-Parsing/install/nmea_msgs/lib/libnmea_msgs__rosidl_typesupport_c.so
-- Set runtime path of "/home/hankyeolyu/vilab/freshman/step2/NMEA-Parsing/install/nmea_msgs/lib/libnmea_msgs__rosidl_typesupport_c.so" to ""
-- Up-to-date: /home/hankyeolyu/vilab/freshman/step2/NMEA-Parsing/install/nmea_msgs/include/nmea_msgs
-- Up-to-date: /home/hankyeolyu/vilab/freshman/step2/NMEA-Parsing/install/nmea_msgs/include/nmea_msgs/msg
-- Up-to-date: /home/hankyeolyu/vilab/freshman/step2/NMEA-Parsing/install/nmea_msgs/include/nmea_msgs/msg/detail
-- Installing: /home/hankyeolyu/vilab/freshman/step2/NMEA-Parsing/install/nmea_msgs/include/nmea_msgs/msg/detail/nmea_data__type_support.hpp
-- Installing: /home/hankyeolyu/vilab/freshman/step2/NMEA-Parsing/install/nmea_msgs/include/nmea_msgs/msg/detail/nmea_data__builder.hpp
-- Installing: /home/hankyeolyu/vilab/freshman/step2/NMEA-Parsing/install/nmea_msgs/include/nmea_msgs/msg/detail/nmea_data__struct.hpp
-- Installing: /home/hankyeolyu/vilab/freshman/step2/NMEA-Parsing/install/nmea_msgs/include/nmea_msgs/msg/detail/nmea_data__traits.hpp
-- Installing: /home/hankyeolyu/vilab/freshman/step2/NMEA-Parsing/install/nmea_msgs/include/nmea_msgs/msg/nmea_data.hpp
-- Installing: /home/hankyeolyu/vilab/freshman/step2/NMEA-Parsing/install/nmea_msgs/include/nmea_msgs/msg/rosidl_generator_cpp__visibility_control.hpp
-- Up-to-date: /home/hankyeolyu/vilab/freshman/step2/NMEA-Parsing/install/nmea_msgs/include/nmea_msgs
-- Up-to-date: /home/hankyeolyu/vilab/freshman/step2/NMEA-Parsing/install/nmea_msgs/include/nmea_msgs/msg
-- Up-to-date: /home/hankyeolyu/vilab/freshman/step2/NMEA-Parsing/install/nmea_msgs/include/nmea_msgs/msg/detail
-- Installing: /home/hankyeolyu/vilab/freshman/step2/NMEA-Parsing/install/nmea_msgs/include/nmea_msgs/msg/detail/nmea_data__type_support.cpp
-- Installing: /home/hankyeolyu/vilab/freshman/step2/NMEA-Parsing/install/nmea_msgs/include/nmea_msgs/msg/detail/nmea_data__rosidl_typesupport_introspection_cpp.hpp
-- Installing: /home/hankyeolyu/vilab/freshman/step2/NMEA-Parsing/install/nmea_msgs/lib/libnmea_msgs__rosidl_typesupport_introspection_cpp.so
-- Set runtime path of "/home/hankyeolyu/vilab/freshman/step2/NMEA-Parsing/install/nmea_msgs/lib/libnmea_msgs__rosidl_typesupport_introspection_cpp.so" to ""
-- Installing: /home/hankyeolyu/vilab/freshman/step2/NMEA-Parsing/install/nmea_msgs/lib/libnmea_msgs__rosidl_typesupport_cpp.so
-- Set runtime path of "/home/hankyeolyu/vilab/freshman/step2/NMEA-Parsing/install/nmea_msgs/lib/libnmea_msgs__rosidl_typesupport_cpp.so" to ""
-- Installing: /home/hankyeolyu/vilab/freshman/step2/NMEA-Parsing/install/nmea_msgs/share/nmea_msgs/environment/pythonpath.sh
-- Installing: /home/hankyeolyu/vilab/freshman/step2/NMEA-Parsing/install/nmea_msgs/share/nmea_msgs/environment/pythonpath.dsv
-- Installing: /home/hankyeolyu/vilab/freshman/step2/NMEA-Parsing/install/nmea_msgs/lib/python3.11/site-packages/nmea_msgs/__init__.py
Compiling '/home/hankyeolyu/vilab/freshman/step2/NMEA-Parsing/install/nmea_msgs/lib/python3.11/site-packages/nmea_msgs/__init__.py'...
-- Installing: /home/hankyeolyu/vilab/freshman/step2/NMEA-Parsing/install/nmea_msgs/lib/python3.11/site-packages/nmea_msgs/msg
-- Installing: /home/hankyeolyu/vilab/freshman/step2/NMEA-Parsing/install/nmea_msgs/lib/python3.11/site-packages/nmea_msgs/msg/_nmea_data.py
-- Installing: /home/hankyeolyu/vilab/freshman/step2/NMEA-Parsing/install/nmea_msgs/lib/python3.11/site-packages/nmea_msgs/msg/__init__.py
-- Installing: /home/hankyeolyu/vilab/freshman/step2/NMEA-Parsing/install/nmea_msgs/lib/python3.11/site-packages/nmea_msgs/msg/_nmea_data_s.c
-- Installing: /home/hankyeolyu/vilab/freshman/step2/NMEA-Parsing/install/nmea_msgs/lib/python3.11/site-packages/nmea_msgs/nmea_msgs_s__rosidl_typesupport_fastrtps_c.cpython-311-x86_64-linux-gnu.so
-- Set runtime path of "/home/hankyeolyu/vilab/freshman/step2/NMEA-Parsing/install/nmea_msgs/lib/python3.11/site-packages/nmea_msgs/nmea_msgs_s__rosidl_typesupport_fastrtps_c.cpython-311-x86_64-linux-gnu.so" to ""
-- Installing: /home/hankyeolyu/vilab/freshman/step2/NMEA-Parsing/install/nmea_msgs/lib/python3.11/site-packages/nmea_msgs/nmea_msgs_s__rosidl_typesupport_introspection_c.cpython-311-x86_64-linux-gnu.so
-- Set runtime path of "/home/hankyeolyu/vilab/freshman/step2/NMEA-Parsing/install/nmea_msgs/lib/python3.11/site-packages/nmea_msgs/nmea_msgs_s__rosidl_typesupport_introspection_c.cpython-311-x86_64-linux-gnu.so" to ""
-- Installing: /home/hankyeolyu/vilab/freshman/step2/NMEA-Parsing/install/nmea_msgs/lib/python3.11/site-packages/nmea_msgs/nmea_msgs_s__rosidl_typesupport_c.cpython-311-x86_64-linux-gnu.so
-- Set runtime path of "/home/hankyeolyu/vilab/freshman/step2/NMEA-Parsing/install/nmea_msgs/lib/python3.11/site-packages/nmea_msgs/nmea_msgs_s__rosidl_typesupport_c.cpython-311-x86_64-linux-gnu.so" to ""
-- Installing: /home/hankyeolyu/vilab/freshman/step2/NMEA-Parsing/install/nmea_msgs/lib/libnmea_msgs__python.so
-- Set runtime path of "/home/hankyeolyu/vilab/freshman/step2/NMEA-Parsing/install/nmea_msgs/lib/libnmea_msgs__python.so" to ""
-- Installing: /home/hankyeolyu/vilab/freshman/step2/NMEA-Parsing/install/nmea_msgs/share/nmea_msgs/msg/NmeaData.idl
-- Installing: /home/hankyeolyu/vilab/freshman/step2/NMEA-Parsing/install/nmea_msgs/share/nmea_msgs/msg/NmeaData.msg
-- Installing: /home/hankyeolyu/vilab/freshman/step2/NMEA-Parsing/install/nmea_msgs/share/ament_index/resource_index/package_run_dependencies/nmea_msgs
-- Installing: /home/hankyeolyu/vilab/freshman/step2/NMEA-Parsing/install/nmea_msgs/share/ament_index/resource_index/parent_prefix_path/nmea_msgs
-- Installing: /home/hankyeolyu/vilab/freshman/step2/NMEA-Parsing/install/nmea_msgs/share/nmea_msgs/environment/ament_prefix_path.sh
-- Installing: /home/hankyeolyu/vilab/freshman/step2/NMEA-Parsing/install/nmea_msgs/share/nmea_msgs/environment/ament_prefix_path.dsv
-- Installing: /home/hankyeolyu/vilab/freshman/step2/NMEA-Parsing/install/nmea_msgs/share/nmea_msgs/environment/path.sh
-- Installing: /home/hankyeolyu/vilab/freshman/step2/NMEA-Parsing/install/nmea_msgs/share/nmea_msgs/environment/path.dsv
-- Installing: /home/hankyeolyu/vilab/freshman/step2/NMEA-Parsing/install/nmea_msgs/share/nmea_msgs/local_setup.bash
-- Installing: /home/hankyeolyu/vilab/freshman/step2/NMEA-Parsing/install/nmea_msgs/share/nmea_msgs/local_setup.sh
-- Installing: /home/hankyeolyu/vilab/freshman/step2/NMEA-Parsing/install/nmea_msgs/share/nmea_msgs/local_setup.zsh
-- Installing: /home/hankyeolyu/vilab/freshman/step2/NMEA-Parsing/install/nmea_msgs/share/nmea_msgs/local_setup.dsv
-- Up-to-date: /home/hankyeolyu/vilab/freshman/step2/NMEA-Parsing/install/nmea_msgs/share/nmea_msgs/package.dsv
-- Installing: /home/hankyeolyu/vilab/freshman/step2/NMEA-Parsing/install/nmea_msgs/share/ament_index/resource_index/packages/nmea_msgs
-- Installing: /home/hankyeolyu/vilab/freshman/step2/NMEA-Parsing/install/nmea_msgs/share/nmea_msgs/cmake/nmea_msgs__rosidl_generator_cExport.cmake
-- Installing: /home/hankyeolyu/vilab/freshman/step2/NMEA-Parsing/install/nmea_msgs/share/nmea_msgs/cmake/nmea_msgs__rosidl_generator_cExport-noconfig.cmake
-- Installing: /home/hankyeolyu/vilab/freshman/step2/NMEA-Parsing/install/nmea_msgs/share/nmea_msgs/cmake/nmea_msgs__rosidl_typesupport_introspection_cExport.cmake
-- Installing: /home/hankyeolyu/vilab/freshman/step2/NMEA-Parsing/install/nmea_msgs/share/nmea_msgs/cmake/nmea_msgs__rosidl_typesupport_introspection_cExport-noconfig.cmake
-- Installing: /home/hankyeolyu/vilab/freshman/step2/NMEA-Parsing/install/nmea_msgs/share/nmea_msgs/cmake/nmea_msgs__rosidl_typesupport_cExport.cmake
-- Installing: /home/hankyeolyu/vilab/freshman/step2/NMEA-Parsing/install/nmea_msgs/share/nmea_msgs/cmake/nmea_msgs__rosidl_typesupport_cExport-noconfig.cmake
-- Installing: /home/hankyeolyu/vilab/freshman/step2/NMEA-Parsing/install/nmea_msgs/share/nmea_msgs/cmake/nmea_msgs__rosidl_generator_cppExport.cmake
-- Installing: /home/hankyeolyu/vilab/freshman/step2/NMEA-Parsing/install/nmea_msgs/share/nmea_msgs/cmake/nmea_msgs__rosidl_typesupport_introspection_cppExport.cmake
-- Installing: /home/hankyeolyu/vilab/freshman/step2/NMEA-Parsing/install/nmea_msgs/share/nmea_msgs/cmake/nmea_msgs__rosidl_typesupport_introspection_cppExport-noconfig.cmake
-- Installing: /home/hankyeolyu/vilab/freshman/step2/NMEA-Parsing/install/nmea_msgs/share/nmea_msgs/cmake/nmea_msgs__rosidl_typesupport_cppExport.cmake
-- Installing: /home/hankyeolyu/vilab/freshman/step2/NMEA-Parsing/install/nmea_msgs/share/nmea_msgs/cmake/nmea_msgs__rosidl_typesupport_cppExport-noconfig.cmake
-- Installing: /home/hankyeolyu/vilab/freshman/step2/NMEA-Parsing/install/nmea_msgs/share/nmea_msgs/cmake/rosidl_cmake-extras.cmake
-- Installing: /home/hankyeolyu/vilab/freshman/step2/NMEA-Parsing/install/nmea_msgs/share/nmea_msgs/cmake/ament_cmake_export_dependencies-extras.cmake
-- Installing: /home/hankyeolyu/vilab/freshman/step2/NMEA-Parsing/install/nmea_msgs/share/nmea_msgs/cmake/ament_cmake_export_libraries-extras.cmake
-- Installing: /home/hankyeolyu/vilab/freshman/step2/NMEA-Parsing/install/nmea_msgs/share/nmea_msgs/cmake/ament_cmake_export_targets-extras.cmake
-- Installing: /home/hankyeolyu/vilab/freshman/step2/NMEA-Parsing/install/nmea_msgs/share/nmea_msgs/cmake/ament_cmake_export_include_directories-extras.cmake
-- Installing: /home/hankyeolyu/vilab/freshman/step2/NMEA-Parsing/install/nmea_msgs/share/nmea_msgs/cmake/rosidl_cmake_export_typesupport_libraries-extras.cmake
-- Installing: /home/hankyeolyu/vilab/freshman/step2/NMEA-Parsing/install/nmea_msgs/share/nmea_msgs/cmake/rosidl_cmake_export_typesupport_targets-extras.cmake
-- Installing: /home/hankyeolyu/vilab/freshman/step2/NMEA-Parsing/install/nmea_msgs/share/nmea_msgs/cmake/nmea_msgsConfig.cmake
-- Installing: /home/hankyeolyu/vilab/freshman/step2/NMEA-Parsing/install/nmea_msgs/share/nmea_msgs/cmake/nmea_msgsConfig-version.cmake
-- Installing: /home/hankyeolyu/vilab/freshman/step2/NMEA-Parsing/install/nmea_msgs/share/nmea_msgs/package.xml
