[0.337s] Invoking command in '/home/hankyeolyu/vilab/freshman/step2/NMEA-Parsing/build/nmea_msgs': CMAKE_PREFIX_PATH=/home/hankyeolyu/vilab/freshman/step2/NMEA-Parsing/install/ros2_nmea_pkg:/home/hankyeolyu/vilab/freshman/step2/nmea_ws/install/ros2_nmea_pkg:/opt/ros/foxy /usr/bin/cmake --build /home/hankyeolyu/vilab/freshman/step2/NMEA-Parsing/build/nmea_msgs -- -j12 -l12
[0.362s] [  3%] [34m[1mGenerating C code for ROS interfaces[0m
[0.368s] [  6%] [34m[1mGenerating C++ code for ROS interfaces[0m
[0.503s] [  6%] Built target nmea_msgs__cpp
[0.508s] [35m[1mScanning dependencies of target nmea_msgs__rosidl_generator_c[0m
[0.510s] [ 16%] [34m[1mGenerating C++ introspection for ROS interfaces[0m
[0.510s] [ 16%] [34m[1mGenerating C++ type support for eProsima Fast-RTPS[0m
[0.510s] [ 16%] [34m[1mGenerating C++ type support dispatch for ROS interfaces[0m
[0.519s] [ 19%] [32mBuilding C object CMakeFiles/nmea_msgs__rosidl_generator_c.dir/rosidl_generator_c/nmea_msgs/msg/detail/nmea_data__functions.c.o[0m
[0.572s] [ 22%] [32m[1mLinking C shared library libnmea_msgs__rosidl_generator_c.so[0m
[0.594s] [ 22%] Built target nmea_msgs__rosidl_generator_c
[0.601s] [ 25%] [34m[1mGenerating C type support dispatch for ROS interfaces[0m
[0.603s] [ 29%] [34m[1mGenerating C introspection for ROS interfaces[0m
[0.644s] [35m[1mScanning dependencies of target nmea_msgs__rosidl_typesupport_cpp[0m
[0.655s] [ 32%] [32mBuilding CXX object CMakeFiles/nmea_msgs__rosidl_typesupport_cpp.dir/rosidl_typesupport_cpp/nmea_msgs/msg/nmea_data__type_support.cpp.o[0m
[0.655s] [35m[1mScanning dependencies of target nmea_msgs__rosidl_typesupport_introspection_cpp[0m
[0.659s] [35m[1mScanning dependencies of target nmea_msgs__rosidl_typesupport_fastrtps_cpp[0m
[0.666s] [ 35%] [32mBuilding CXX object CMakeFiles/nmea_msgs__rosidl_typesupport_introspection_cpp.dir/rosidl_typesupport_introspection_cpp/nmea_msgs/msg/detail/nmea_data__type_support.cpp.o[0m
[0.674s] [ 38%] [32mBuilding CXX object CMakeFiles/nmea_msgs__rosidl_typesupport_fastrtps_cpp.dir/rosidl_typesupport_fastrtps_cpp/nmea_msgs/msg/detail/dds_fastrtps/nmea_data__type_support.cpp.o[0m
[0.745s] [35m[1mScanning dependencies of target nmea_msgs__rosidl_typesupport_c[0m
[0.755s] [ 41%] [32mBuilding CXX object CMakeFiles/nmea_msgs__rosidl_typesupport_c.dir/rosidl_typesupport_c/nmea_msgs/msg/nmea_data__type_support.cpp.o[0m
[0.765s] [35m[1mScanning dependencies of target nmea_msgs__rosidl_typesupport_introspection_c[0m
[0.774s] [ 45%] [32mBuilding C object CMakeFiles/nmea_msgs__rosidl_typesupport_introspection_c.dir/rosidl_typesupport_introspection_c/nmea_msgs/msg/detail/nmea_data__type_support.c.o[0m
[0.780s] [ 48%] [32m[1mLinking CXX shared library libnmea_msgs__rosidl_typesupport_c.so[0m
[0.798s] [ 51%] [32m[1mLinking C shared library libnmea_msgs__rosidl_typesupport_introspection_c.so[0m
[0.809s] [ 51%] Built target nmea_msgs__rosidl_typesupport_c
[0.820s] [ 51%] Built target nmea_msgs__rosidl_typesupport_introspection_c
[0.852s] [ 54%] [32m[1mLinking CXX shared library libnmea_msgs__rosidl_typesupport_introspection_cpp.so[0m
[0.852s] [ 58%] [32m[1mLinking CXX shared library libnmea_msgs__rosidl_typesupport_cpp.so[0m
[0.881s] [ 58%] Built target nmea_msgs__rosidl_typesupport_cpp
[0.894s] [ 58%] Built target nmea_msgs__rosidl_typesupport_introspection_cpp
[0.962s] [ 61%] [32m[1mLinking CXX shared library libnmea_msgs__rosidl_typesupport_fastrtps_cpp.so[0m
[1.018s] [ 61%] Built target nmea_msgs__rosidl_typesupport_fastrtps_cpp
[1.025s] [ 64%] [34m[1mGenerating C type support for eProsima Fast-RTPS[0m
[1.143s] [35m[1mScanning dependencies of target nmea_msgs__rosidl_typesupport_fastrtps_c[0m
[1.152s] [ 67%] [32mBuilding CXX object CMakeFiles/nmea_msgs__rosidl_typesupport_fastrtps_c.dir/rosidl_typesupport_fastrtps_c/nmea_msgs/msg/detail/nmea_data__type_support_c.cpp.o[0m
[1.320s] [ 70%] [32m[1mLinking CXX shared library libnmea_msgs__rosidl_typesupport_fastrtps_c.so[0m
[1.368s] [ 70%] Built target nmea_msgs__rosidl_typesupport_fastrtps_c
[1.374s] [35m[1mScanning dependencies of target nmea_msgs[0m
[1.380s] [ 70%] Built target nmea_msgs
[1.385s] [35m[1mScanning dependencies of target nmea_msgs__py[0m
[1.392s] [ 74%] [34m[1mGenerating Python code for ROS interfaces[0m
[1.575s] [ 74%] Built target nmea_msgs__py
[1.581s] [35m[1mScanning dependencies of target nmea_msgs__python[0m
[1.622s] [ 77%] [32mBuilding C object CMakeFiles/nmea_msgs__python.dir/rosidl_generator_py/nmea_msgs/msg/_nmea_data_s.c.o[0m
[1.684s] [ 80%] [32m[1mLinking C shared library rosidl_generator_py/nmea_msgs/libnmea_msgs__python.so[0m
[1.708s] [ 80%] Built target nmea_msgs__python
[1.714s] [35m[1mScanning dependencies of target nmea_msgs__rosidl_typesupport_introspection_c__pyext[0m
[1.714s] [35m[1mScanning dependencies of target nmea_msgs__rosidl_typesupport_c__pyext[0m
[1.714s] [35m[1mScanning dependencies of target nmea_msgs__rosidl_typesupport_fastrtps_c__pyext[0m
[1.726s] [ 83%] [32mBuilding C object CMakeFiles/nmea_msgs__rosidl_typesupport_fastrtps_c__pyext.dir/rosidl_generator_py/nmea_msgs/_nmea_msgs_s.ep.rosidl_typesupport_fastrtps_c.c.o[0m
[1.727s] [ 87%] [32mBuilding C object CMakeFiles/nmea_msgs__rosidl_typesupport_c__pyext.dir/rosidl_generator_py/nmea_msgs/_nmea_msgs_s.ep.rosidl_typesupport_c.c.o[0m
[1.727s] [ 90%] [32mBuilding C object CMakeFiles/nmea_msgs__rosidl_typesupport_introspection_c__pyext.dir/rosidl_generator_py/nmea_msgs/_nmea_msgs_s.ep.rosidl_typesupport_introspection_c.c.o[0m
[1.776s] [100%] [32m[1mLinking CXX shared library rosidl_generator_py/nmea_msgs/nmea_msgs_s__rosidl_typesupport_fastrtps_c.cpython-311-x86_64-linux-gnu.so[0m
[1.776s] [100%] [32m[1mLinking C shared library rosidl_generator_py/nmea_msgs/nmea_msgs_s__rosidl_typesupport_introspection_c.cpython-311-x86_64-linux-gnu.so[0m
[1.776s] [100%] [32m[1mLinking C shared library rosidl_generator_py/nmea_msgs/nmea_msgs_s__rosidl_typesupport_c.cpython-311-x86_64-linux-gnu.so[0m
[1.797s] [100%] Built target nmea_msgs__rosidl_typesupport_c__pyext
[1.797s] [100%] Built target nmea_msgs__rosidl_typesupport_introspection_c__pyext
[1.812s] [100%] Built target nmea_msgs__rosidl_typesupport_fastrtps_c__pyext
[1.820s] Invoked command in '/home/hankyeolyu/vilab/freshman/step2/NMEA-Parsing/build/nmea_msgs' returned '0': CMAKE_PREFIX_PATH=/home/hankyeolyu/vilab/freshman/step2/NMEA-Parsing/install/ros2_nmea_pkg:/home/hankyeolyu/vilab/freshman/step2/nmea_ws/install/ros2_nmea_pkg:/opt/ros/foxy /usr/bin/cmake --build /home/hankyeolyu/vilab/freshman/step2/NMEA-Parsing/build/nmea_msgs -- -j12 -l12
[1.851s] Invoking command in '/home/hankyeolyu/vilab/freshman/step2/NMEA-Parsing/build/nmea_msgs': CMAKE_PREFIX_PATH=/home/hankyeolyu/vilab/freshman/step2/NMEA-Parsing/install/ros2_nmea_pkg:/home/hankyeolyu/vilab/freshman/step2/nmea_ws/install/ros2_nmea_pkg:/opt/ros/foxy /usr/bin/cmake --install /home/hankyeolyu/vilab/freshman/step2/NMEA-Parsing/build/nmea_msgs
[1.857s] -- Install configuration: ""
[1.857s] -- Installing: /home/hankyeolyu/vilab/freshman/step2/NMEA-Parsing/install/nmea_msgs/share/ament_index/resource_index/rosidl_interfaces/nmea_msgs
[1.857s] -- Installing: /home/hankyeolyu/vilab/freshman/step2/NMEA-Parsing/install/nmea_msgs/include/nmea_msgs
[1.857s] -- Installing: /home/hankyeolyu/vilab/freshman/step2/NMEA-Parsing/install/nmea_msgs/include/nmea_msgs/msg
[1.857s] -- Installing: /home/hankyeolyu/vilab/freshman/step2/NMEA-Parsing/install/nmea_msgs/include/nmea_msgs/msg/detail
[1.857s] -- Installing: /home/hankyeolyu/vilab/freshman/step2/NMEA-Parsing/install/nmea_msgs/include/nmea_msgs/msg/detail/nmea_data__functions.c
[1.857s] -- Installing: /home/hankyeolyu/vilab/freshman/step2/NMEA-Parsing/install/nmea_msgs/include/nmea_msgs/msg/detail/nmea_data__struct.h
[1.857s] -- Installing: /home/hankyeolyu/vilab/freshman/step2/NMEA-Parsing/install/nmea_msgs/include/nmea_msgs/msg/detail/nmea_data__type_support.h
[1.857s] -- Installing: /home/hankyeolyu/vilab/freshman/step2/NMEA-Parsing/install/nmea_msgs/include/nmea_msgs/msg/detail/nmea_data__functions.h
[1.857s] -- Installing: /home/hankyeolyu/vilab/freshman/step2/NMEA-Parsing/install/nmea_msgs/include/nmea_msgs/msg/nmea_data.h
[1.857s] -- Installing: /home/hankyeolyu/vilab/freshman/step2/NMEA-Parsing/install/nmea_msgs/include/nmea_msgs/msg/rosidl_generator_c__visibility_control.h
[1.857s] -- Installing: /home/hankyeolyu/vilab/freshman/step2/NMEA-Parsing/install/nmea_msgs/share/nmea_msgs/environment/library_path.sh
[1.857s] -- Installing: /home/hankyeolyu/vilab/freshman/step2/NMEA-Parsing/install/nmea_msgs/share/nmea_msgs/environment/library_path.dsv
[1.857s] -- Installing: /home/hankyeolyu/vilab/freshman/step2/NMEA-Parsing/install/nmea_msgs/lib/libnmea_msgs__rosidl_generator_c.so
[1.857s] -- Set runtime path of "/home/hankyeolyu/vilab/freshman/step2/NMEA-Parsing/install/nmea_msgs/lib/libnmea_msgs__rosidl_generator_c.so" to ""
[1.857s] -- Up-to-date: /home/hankyeolyu/vilab/freshman/step2/NMEA-Parsing/install/nmea_msgs/include/nmea_msgs
[1.857s] -- Up-to-date: /home/hankyeolyu/vilab/freshman/step2/NMEA-Parsing/install/nmea_msgs/include/nmea_msgs/msg
[1.858s] -- Up-to-date: /home/hankyeolyu/vilab/freshman/step2/NMEA-Parsing/install/nmea_msgs/include/nmea_msgs/msg/detail
[1.858s] -- Installing: /home/hankyeolyu/vilab/freshman/step2/NMEA-Parsing/install/nmea_msgs/include/nmea_msgs/msg/detail/nmea_data__rosidl_typesupport_fastrtps_c.h
[1.858s] -- Installing: /home/hankyeolyu/vilab/freshman/step2/NMEA-Parsing/install/nmea_msgs/include/nmea_msgs/msg/rosidl_typesupport_fastrtps_c__visibility_control.h
[1.858s] -- Installing: /home/hankyeolyu/vilab/freshman/step2/NMEA-Parsing/install/nmea_msgs/lib/libnmea_msgs__rosidl_typesupport_fastrtps_c.so
[1.858s] -- Set runtime path of "/home/hankyeolyu/vilab/freshman/step2/NMEA-Parsing/install/nmea_msgs/lib/libnmea_msgs__rosidl_typesupport_fastrtps_c.so" to ""
[1.858s] -- Up-to-date: /home/hankyeolyu/vilab/freshman/step2/NMEA-Parsing/install/nmea_msgs/include/nmea_msgs
[1.858s] -- Up-to-date: /home/hankyeolyu/vilab/freshman/step2/NMEA-Parsing/install/nmea_msgs/include/nmea_msgs/msg
[1.858s] -- Up-to-date: /home/hankyeolyu/vilab/freshman/step2/NMEA-Parsing/install/nmea_msgs/include/nmea_msgs/msg/detail
[1.858s] -- Installing: /home/hankyeolyu/vilab/freshman/step2/NMEA-Parsing/install/nmea_msgs/include/nmea_msgs/msg/detail/nmea_data__rosidl_typesupport_fastrtps_cpp.hpp
[1.858s] -- Installing: /home/hankyeolyu/vilab/freshman/step2/NMEA-Parsing/install/nmea_msgs/include/nmea_msgs/msg/detail/dds_fastrtps
[1.858s] -- Installing: /home/hankyeolyu/vilab/freshman/step2/NMEA-Parsing/install/nmea_msgs/include/nmea_msgs/msg/rosidl_typesupport_fastrtps_cpp__visibility_control.h
[1.858s] -- Installing: /home/hankyeolyu/vilab/freshman/step2/NMEA-Parsing/install/nmea_msgs/lib/libnmea_msgs__rosidl_typesupport_fastrtps_cpp.so
[1.858s] -- Set runtime path of "/home/hankyeolyu/vilab/freshman/step2/NMEA-Parsing/install/nmea_msgs/lib/libnmea_msgs__rosidl_typesupport_fastrtps_cpp.so" to ""
[1.858s] -- Up-to-date: /home/hankyeolyu/vilab/freshman/step2/NMEA-Parsing/install/nmea_msgs/include/nmea_msgs
[1.858s] -- Up-to-date: /home/hankyeolyu/vilab/freshman/step2/NMEA-Parsing/install/nmea_msgs/include/nmea_msgs/msg
[1.858s] -- Up-to-date: /home/hankyeolyu/vilab/freshman/step2/NMEA-Parsing/install/nmea_msgs/include/nmea_msgs/msg/detail
[1.858s] -- Installing: /home/hankyeolyu/vilab/freshman/step2/NMEA-Parsing/install/nmea_msgs/include/nmea_msgs/msg/detail/nmea_data__rosidl_typesupport_introspection_c.h
[1.858s] -- Installing: /home/hankyeolyu/vilab/freshman/step2/NMEA-Parsing/install/nmea_msgs/include/nmea_msgs/msg/detail/nmea_data__type_support.c
[1.858s] -- Installing: /home/hankyeolyu/vilab/freshman/step2/NMEA-Parsing/install/nmea_msgs/include/nmea_msgs/msg/rosidl_typesupport_introspection_c__visibility_control.h
[1.858s] -- Installing: /home/hankyeolyu/vilab/freshman/step2/NMEA-Parsing/install/nmea_msgs/lib/libnmea_msgs__rosidl_typesupport_introspection_c.so
[1.858s] -- Set runtime path of "/home/hankyeolyu/vilab/freshman/step2/NMEA-Parsing/install/nmea_msgs/lib/libnmea_msgs__rosidl_typesupport_introspection_c.so" to ""
[1.858s] -- Installing: /home/hankyeolyu/vilab/freshman/step2/NMEA-Parsing/install/nmea_msgs/lib/libnmea_msgs__rosidl_typesupport_c.so
[1.859s] -- Set runtime path of "/home/hankyeolyu/vilab/freshman/step2/NMEA-Parsing/install/nmea_msgs/lib/libnmea_msgs__rosidl_typesupport_c.so" to ""
[1.859s] -- Up-to-date: /home/hankyeolyu/vilab/freshman/step2/NMEA-Parsing/install/nmea_msgs/include/nmea_msgs
[1.859s] -- Up-to-date: /home/hankyeolyu/vilab/freshman/step2/NMEA-Parsing/install/nmea_msgs/include/nmea_msgs/msg
[1.859s] -- Up-to-date: /home/hankyeolyu/vilab/freshman/step2/NMEA-Parsing/install/nmea_msgs/include/nmea_msgs/msg/detail
[1.859s] -- Installing: /home/hankyeolyu/vilab/freshman/step2/NMEA-Parsing/install/nmea_msgs/include/nmea_msgs/msg/detail/nmea_data__type_support.hpp
[1.859s] -- Installing: /home/hankyeolyu/vilab/freshman/step2/NMEA-Parsing/install/nmea_msgs/include/nmea_msgs/msg/detail/nmea_data__builder.hpp
[1.859s] -- Installing: /home/hankyeolyu/vilab/freshman/step2/NMEA-Parsing/install/nmea_msgs/include/nmea_msgs/msg/detail/nmea_data__struct.hpp
[1.859s] -- Installing: /home/hankyeolyu/vilab/freshman/step2/NMEA-Parsing/install/nmea_msgs/include/nmea_msgs/msg/detail/nmea_data__traits.hpp
[1.859s] -- Installing: /home/hankyeolyu/vilab/freshman/step2/NMEA-Parsing/install/nmea_msgs/include/nmea_msgs/msg/nmea_data.hpp
[1.859s] -- Installing: /home/hankyeolyu/vilab/freshman/step2/NMEA-Parsing/install/nmea_msgs/include/nmea_msgs/msg/rosidl_generator_cpp__visibility_control.hpp
[1.859s] -- Up-to-date: /home/hankyeolyu/vilab/freshman/step2/NMEA-Parsing/install/nmea_msgs/include/nmea_msgs
[1.859s] -- Up-to-date: /home/hankyeolyu/vilab/freshman/step2/NMEA-Parsing/install/nmea_msgs/include/nmea_msgs/msg
[1.859s] -- Up-to-date: /home/hankyeolyu/vilab/freshman/step2/NMEA-Parsing/install/nmea_msgs/include/nmea_msgs/msg/detail
[1.859s] -- Installing: /home/hankyeolyu/vilab/freshman/step2/NMEA-Parsing/install/nmea_msgs/include/nmea_msgs/msg/detail/nmea_data__type_support.cpp
[1.859s] -- Installing: /home/hankyeolyu/vilab/freshman/step2/NMEA-Parsing/install/nmea_msgs/include/nmea_msgs/msg/detail/nmea_data__rosidl_typesupport_introspection_cpp.hpp
[1.859s] -- Installing: /home/hankyeolyu/vilab/freshman/step2/NMEA-Parsing/install/nmea_msgs/lib/libnmea_msgs__rosidl_typesupport_introspection_cpp.so
[1.859s] -- Set runtime path of "/home/hankyeolyu/vilab/freshman/step2/NMEA-Parsing/install/nmea_msgs/lib/libnmea_msgs__rosidl_typesupport_introspection_cpp.so" to ""
[1.859s] -- Installing: /home/hankyeolyu/vilab/freshman/step2/NMEA-Parsing/install/nmea_msgs/lib/libnmea_msgs__rosidl_typesupport_cpp.so
[1.859s] -- Set runtime path of "/home/hankyeolyu/vilab/freshman/step2/NMEA-Parsing/install/nmea_msgs/lib/libnmea_msgs__rosidl_typesupport_cpp.so" to ""
[1.859s] -- Installing: /home/hankyeolyu/vilab/freshman/step2/NMEA-Parsing/install/nmea_msgs/share/nmea_msgs/environment/pythonpath.sh
[1.859s] -- Installing: /home/hankyeolyu/vilab/freshman/step2/NMEA-Parsing/install/nmea_msgs/share/nmea_msgs/environment/pythonpath.dsv
[1.859s] -- Installing: /home/hankyeolyu/vilab/freshman/step2/NMEA-Parsing/install/nmea_msgs/lib/python3.11/site-packages/nmea_msgs/__init__.py
[1.880s] Compiling '/home/hankyeolyu/vilab/freshman/step2/NMEA-Parsing/install/nmea_msgs/lib/python3.11/site-packages/nmea_msgs/__init__.py'...
[1.882s] -- Installing: /home/hankyeolyu/vilab/freshman/step2/NMEA-Parsing/install/nmea_msgs/lib/python3.11/site-packages/nmea_msgs/msg
[1.883s] -- Installing: /home/hankyeolyu/vilab/freshman/step2/NMEA-Parsing/install/nmea_msgs/lib/python3.11/site-packages/nmea_msgs/msg/_nmea_data.py
[1.883s] -- Installing: /home/hankyeolyu/vilab/freshman/step2/NMEA-Parsing/install/nmea_msgs/lib/python3.11/site-packages/nmea_msgs/msg/__init__.py
[1.883s] -- Installing: /home/hankyeolyu/vilab/freshman/step2/NMEA-Parsing/install/nmea_msgs/lib/python3.11/site-packages/nmea_msgs/msg/_nmea_data_s.c
[1.883s] -- Installing: /home/hankyeolyu/vilab/freshman/step2/NMEA-Parsing/install/nmea_msgs/lib/python3.11/site-packages/nmea_msgs/nmea_msgs_s__rosidl_typesupport_fastrtps_c.cpython-311-x86_64-linux-gnu.so
[1.883s] -- Set runtime path of "/home/hankyeolyu/vilab/freshman/step2/NMEA-Parsing/install/nmea_msgs/lib/python3.11/site-packages/nmea_msgs/nmea_msgs_s__rosidl_typesupport_fastrtps_c.cpython-311-x86_64-linux-gnu.so" to ""
[1.883s] -- Installing: /home/hankyeolyu/vilab/freshman/step2/NMEA-Parsing/install/nmea_msgs/lib/python3.11/site-packages/nmea_msgs/nmea_msgs_s__rosidl_typesupport_introspection_c.cpython-311-x86_64-linux-gnu.so
[1.883s] -- Set runtime path of "/home/hankyeolyu/vilab/freshman/step2/NMEA-Parsing/install/nmea_msgs/lib/python3.11/site-packages/nmea_msgs/nmea_msgs_s__rosidl_typesupport_introspection_c.cpython-311-x86_64-linux-gnu.so" to ""
[1.883s] -- Installing: /home/hankyeolyu/vilab/freshman/step2/NMEA-Parsing/install/nmea_msgs/lib/python3.11/site-packages/nmea_msgs/nmea_msgs_s__rosidl_typesupport_c.cpython-311-x86_64-linux-gnu.so
[1.884s] -- Set runtime path of "/home/hankyeolyu/vilab/freshman/step2/NMEA-Parsing/install/nmea_msgs/lib/python3.11/site-packages/nmea_msgs/nmea_msgs_s__rosidl_typesupport_c.cpython-311-x86_64-linux-gnu.so" to ""
[1.884s] -- Installing: /home/hankyeolyu/vilab/freshman/step2/NMEA-Parsing/install/nmea_msgs/lib/libnmea_msgs__python.so
[1.884s] -- Set runtime path of "/home/hankyeolyu/vilab/freshman/step2/NMEA-Parsing/install/nmea_msgs/lib/libnmea_msgs__python.so" to ""
[1.884s] -- Installing: /home/hankyeolyu/vilab/freshman/step2/NMEA-Parsing/install/nmea_msgs/share/nmea_msgs/msg/NmeaData.idl
[1.884s] -- Installing: /home/hankyeolyu/vilab/freshman/step2/NMEA-Parsing/install/nmea_msgs/share/nmea_msgs/msg/NmeaData.msg
[1.884s] -- Installing: /home/hankyeolyu/vilab/freshman/step2/NMEA-Parsing/install/nmea_msgs/share/ament_index/resource_index/package_run_dependencies/nmea_msgs
[1.884s] -- Installing: /home/hankyeolyu/vilab/freshman/step2/NMEA-Parsing/install/nmea_msgs/share/ament_index/resource_index/parent_prefix_path/nmea_msgs
[1.884s] -- Installing: /home/hankyeolyu/vilab/freshman/step2/NMEA-Parsing/install/nmea_msgs/share/nmea_msgs/environment/ament_prefix_path.sh
[1.884s] -- Installing: /home/hankyeolyu/vilab/freshman/step2/NMEA-Parsing/install/nmea_msgs/share/nmea_msgs/environment/ament_prefix_path.dsv
[1.884s] -- Installing: /home/hankyeolyu/vilab/freshman/step2/NMEA-Parsing/install/nmea_msgs/share/nmea_msgs/environment/path.sh
[1.884s] -- Installing: /home/hankyeolyu/vilab/freshman/step2/NMEA-Parsing/install/nmea_msgs/share/nmea_msgs/environment/path.dsv
[1.884s] -- Installing: /home/hankyeolyu/vilab/freshman/step2/NMEA-Parsing/install/nmea_msgs/share/nmea_msgs/local_setup.bash
[1.884s] -- Installing: /home/hankyeolyu/vilab/freshman/step2/NMEA-Parsing/install/nmea_msgs/share/nmea_msgs/local_setup.sh
[1.884s] -- Installing: /home/hankyeolyu/vilab/freshman/step2/NMEA-Parsing/install/nmea_msgs/share/nmea_msgs/local_setup.zsh
[1.884s] -- Installing: /home/hankyeolyu/vilab/freshman/step2/NMEA-Parsing/install/nmea_msgs/share/nmea_msgs/local_setup.dsv
[1.884s] -- Up-to-date: /home/hankyeolyu/vilab/freshman/step2/NMEA-Parsing/install/nmea_msgs/share/nmea_msgs/package.dsv
[1.885s] -- Installing: /home/hankyeolyu/vilab/freshman/step2/NMEA-Parsing/install/nmea_msgs/share/ament_index/resource_index/packages/nmea_msgs
[1.885s] -- Installing: /home/hankyeolyu/vilab/freshman/step2/NMEA-Parsing/install/nmea_msgs/share/nmea_msgs/cmake/nmea_msgs__rosidl_generator_cExport.cmake
[1.885s] -- Installing: /home/hankyeolyu/vilab/freshman/step2/NMEA-Parsing/install/nmea_msgs/share/nmea_msgs/cmake/nmea_msgs__rosidl_generator_cExport-noconfig.cmake
[1.885s] -- Installing: /home/hankyeolyu/vilab/freshman/step2/NMEA-Parsing/install/nmea_msgs/share/nmea_msgs/cmake/nmea_msgs__rosidl_typesupport_introspection_cExport.cmake
[1.885s] -- Installing: /home/hankyeolyu/vilab/freshman/step2/NMEA-Parsing/install/nmea_msgs/share/nmea_msgs/cmake/nmea_msgs__rosidl_typesupport_introspection_cExport-noconfig.cmake
[1.885s] -- Installing: /home/hankyeolyu/vilab/freshman/step2/NMEA-Parsing/install/nmea_msgs/share/nmea_msgs/cmake/nmea_msgs__rosidl_typesupport_cExport.cmake
[1.885s] -- Installing: /home/hankyeolyu/vilab/freshman/step2/NMEA-Parsing/install/nmea_msgs/share/nmea_msgs/cmake/nmea_msgs__rosidl_typesupport_cExport-noconfig.cmake
[1.885s] -- Installing: /home/hankyeolyu/vilab/freshman/step2/NMEA-Parsing/install/nmea_msgs/share/nmea_msgs/cmake/nmea_msgs__rosidl_generator_cppExport.cmake
[1.885s] -- Installing: /home/hankyeolyu/vilab/freshman/step2/NMEA-Parsing/install/nmea_msgs/share/nmea_msgs/cmake/nmea_msgs__rosidl_typesupport_introspection_cppExport.cmake
[1.885s] -- Installing: /home/hankyeolyu/vilab/freshman/step2/NMEA-Parsing/install/nmea_msgs/share/nmea_msgs/cmake/nmea_msgs__rosidl_typesupport_introspection_cppExport-noconfig.cmake
[1.885s] -- Installing: /home/hankyeolyu/vilab/freshman/step2/NMEA-Parsing/install/nmea_msgs/share/nmea_msgs/cmake/nmea_msgs__rosidl_typesupport_cppExport.cmake
[1.885s] -- Installing: /home/hankyeolyu/vilab/freshman/step2/NMEA-Parsing/install/nmea_msgs/share/nmea_msgs/cmake/nmea_msgs__rosidl_typesupport_cppExport-noconfig.cmake
[1.885s] -- Installing: /home/hankyeolyu/vilab/freshman/step2/NMEA-Parsing/install/nmea_msgs/share/nmea_msgs/cmake/rosidl_cmake-extras.cmake
[1.885s] -- Installing: /home/hankyeolyu/vilab/freshman/step2/NMEA-Parsing/install/nmea_msgs/share/nmea_msgs/cmake/ament_cmake_export_dependencies-extras.cmake
[1.885s] -- Installing: /home/hankyeolyu/vilab/freshman/step2/NMEA-Parsing/install/nmea_msgs/share/nmea_msgs/cmake/ament_cmake_export_libraries-extras.cmake
[1.885s] -- Installing: /home/hankyeolyu/vilab/freshman/step2/NMEA-Parsing/install/nmea_msgs/share/nmea_msgs/cmake/ament_cmake_export_targets-extras.cmake
[1.885s] -- Installing: /home/hankyeolyu/vilab/freshman/step2/NMEA-Parsing/install/nmea_msgs/share/nmea_msgs/cmake/ament_cmake_export_include_directories-extras.cmake
[1.885s] -- Installing: /home/hankyeolyu/vilab/freshman/step2/NMEA-Parsing/install/nmea_msgs/share/nmea_msgs/cmake/rosidl_cmake_export_typesupport_libraries-extras.cmake
[1.886s] -- Installing: /home/hankyeolyu/vilab/freshman/step2/NMEA-Parsing/install/nmea_msgs/share/nmea_msgs/cmake/rosidl_cmake_export_typesupport_targets-extras.cmake
[1.886s] -- Installing: /home/hankyeolyu/vilab/freshman/step2/NMEA-Parsing/install/nmea_msgs/share/nmea_msgs/cmake/nmea_msgsConfig.cmake
[1.886s] -- Installing: /home/hankyeolyu/vilab/freshman/step2/NMEA-Parsing/install/nmea_msgs/share/nmea_msgs/cmake/nmea_msgsConfig-version.cmake
[1.886s] -- Installing: /home/hankyeolyu/vilab/freshman/step2/NMEA-Parsing/install/nmea_msgs/share/nmea_msgs/package.xml
[1.888s] Invoked command in '/home/hankyeolyu/vilab/freshman/step2/NMEA-Parsing/build/nmea_msgs' returned '0': CMAKE_PREFIX_PATH=/home/hankyeolyu/vilab/freshman/step2/NMEA-Parsing/install/ros2_nmea_pkg:/home/hankyeolyu/vilab/freshman/step2/nmea_ws/install/ros2_nmea_pkg:/opt/ros/foxy /usr/bin/cmake --install /home/hankyeolyu/vilab/freshman/step2/NMEA-Parsing/build/nmea_msgs
