[2.654s] DEBUG:colcon:Command line arguments: ['/usr/bin/colcon', 'build']
[2.654s] DEBUG:colcon:Parsed command line arguments: Namespace(allow_overriding=[], ament_cmake_args=None, base_paths=['.'], build_base='build', catkin_cmake_args=None, catkin_skip_building_tests=False, cmake_args=None, cmake_clean_cache=False, cmake_clean_first=False, cmake_force_configure=False, cmake_target=None, cmake_target_skip_unavailable=False, continue_on_error=False, event_handlers=None, executor='parallel', ignore_user_meta=False, install_base='install', log_base=None, log_level=None, main=<bound method BuildVerb.main of <colcon_core.verb.build.BuildVerb object at 0x7f141f3f4640>>, merge_install=False, metas=['./colcon.meta'], packages_above=None, packages_above_and_dependencies=None, packages_above_depth=None, packages_end=None, packages_ignore=None, packages_ignore_regex=None, packages_select=None, packages_select_build_failed=False, packages_select_by_dep=None, packages_select_regex=None, packages_select_test_failures=False, packages_skip=None, packages_skip_build_finished=False, packages_skip_by_dep=None, packages_skip_regex=None, packages_skip_test_passed=False, packages_skip_up_to=None, packages_start=None, packages_up_to=None, packages_up_to_regex=None, parallel_workers=12, paths=None, symlink_install=False, test_result_base=None, verb_extension=<colcon_core.verb.build.BuildVerb object at 0x7f141f3f4640>, verb_name='build', verb_parser=<colcon_defaults.argument_parser.defaults.DefaultArgumentsDecorator object at 0x7f141f0e8a30>)
[2.776s] Level 1:colcon.colcon_core.package_discovery:discover_packages(colcon_meta) check parameters
[2.776s] Level 1:colcon.colcon_core.package_discovery:discover_packages(recursive) check parameters
[2.776s] Level 1:colcon.colcon_core.package_discovery:discover_packages(ignore) check parameters
[2.776s] Level 1:colcon.colcon_core.package_discovery:discover_packages(path) check parameters
[2.776s] Level 1:colcon.colcon_core.package_discovery:discover_packages(colcon_meta) discover
[2.776s] Level 1:colcon.colcon_core.package_discovery:discover_packages(recursive) discover
[2.776s] INFO:colcon.colcon_core.package_discovery:Crawling recursively for packages in '/home/hankyeolyu/vilab/freshman/step2/nmea_ws'
[2.776s] Level 1:colcon.colcon_core.package_identification:_identify(.) by extensions ['ignore', 'ignore_ament_install']
[2.776s] Level 1:colcon.colcon_core.package_identification:_identify(.) by extension 'ignore'
[2.776s] Level 1:colcon.colcon_core.package_identification:_identify(.) by extension 'ignore_ament_install'
[2.776s] Level 1:colcon.colcon_core.package_identification:_identify(.) by extensions ['colcon_pkg']
[2.776s] Level 1:colcon.colcon_core.package_identification:_identify(.) by extension 'colcon_pkg'
[2.776s] Level 1:colcon.colcon_core.package_identification:_identify(.) by extensions ['colcon_meta']
[2.776s] Level 1:colcon.colcon_core.package_identification:_identify(.) by extension 'colcon_meta'
[2.776s] Level 1:colcon.colcon_core.package_identification:_identify(.) by extensions ['ros']
[2.776s] Level 1:colcon.colcon_core.package_identification:_identify(.) by extension 'ros'
[2.784s] Level 1:colcon.colcon_core.package_identification:_identify(.) by extensions ['cmake', 'python']
[2.785s] Level 1:colcon.colcon_core.package_identification:_identify(.) by extension 'cmake'
[2.785s] Level 1:colcon.colcon_core.package_identification:_identify(.) by extension 'python'
[2.785s] Level 1:colcon.colcon_core.package_identification:_identify(.) by extensions ['python_setup_py']
[2.785s] Level 1:colcon.colcon_core.package_identification:_identify(.) by extension 'python_setup_py'
[2.785s] Level 1:colcon.colcon_core.package_identification:_identify(build) by extensions ['ignore', 'ignore_ament_install']
[2.785s] Level 1:colcon.colcon_core.package_identification:_identify(build) by extension 'ignore'
[2.785s] Level 1:colcon.colcon_core.package_identification:_identify(build) ignored
[2.785s] Level 1:colcon.colcon_core.package_identification:_identify(install) by extensions ['ignore', 'ignore_ament_install']
[2.785s] Level 1:colcon.colcon_core.package_identification:_identify(install) by extension 'ignore'
[2.785s] Level 1:colcon.colcon_core.package_identification:_identify(install) ignored
[2.785s] Level 1:colcon.colcon_core.package_identification:_identify(log) by extensions ['ignore', 'ignore_ament_install']
[2.785s] Level 1:colcon.colcon_core.package_identification:_identify(log) by extension 'ignore'
[2.785s] Level 1:colcon.colcon_core.package_identification:_identify(log) ignored
[2.785s] Level 1:colcon.colcon_core.package_identification:_identify(src) by extensions ['ignore', 'ignore_ament_install']
[2.785s] Level 1:colcon.colcon_core.package_identification:_identify(src) by extension 'ignore'
[2.785s] Level 1:colcon.colcon_core.package_identification:_identify(src) by extension 'ignore_ament_install'
[2.785s] Level 1:colcon.colcon_core.package_identification:_identify(src) by extensions ['colcon_pkg']
[2.785s] Level 1:colcon.colcon_core.package_identification:_identify(src) by extension 'colcon_pkg'
[2.785s] Level 1:colcon.colcon_core.package_identification:_identify(src) by extensions ['colcon_meta']
[2.785s] Level 1:colcon.colcon_core.package_identification:_identify(src) by extension 'colcon_meta'
[2.785s] Level 1:colcon.colcon_core.package_identification:_identify(src) by extensions ['ros']
[2.785s] Level 1:colcon.colcon_core.package_identification:_identify(src) by extension 'ros'
[2.785s] Level 1:colcon.colcon_core.package_identification:_identify(src) by extensions ['cmake', 'python']
[2.785s] Level 1:colcon.colcon_core.package_identification:_identify(src) by extension 'cmake'
[2.785s] Level 1:colcon.colcon_core.package_identification:_identify(src) by extension 'python'
[2.785s] Level 1:colcon.colcon_core.package_identification:_identify(src) by extensions ['python_setup_py']
[2.785s] Level 1:colcon.colcon_core.package_identification:_identify(src) by extension 'python_setup_py'
[2.785s] Level 1:colcon.colcon_core.package_identification:_identify(src/ros2_nmea_pkg) by extensions ['ignore', 'ignore_ament_install']
[2.785s] Level 1:colcon.colcon_core.package_identification:_identify(src/ros2_nmea_pkg) by extension 'ignore'
[2.785s] Level 1:colcon.colcon_core.package_identification:_identify(src/ros2_nmea_pkg) by extension 'ignore_ament_install'
[2.785s] Level 1:colcon.colcon_core.package_identification:_identify(src/ros2_nmea_pkg) by extensions ['colcon_pkg']
[2.785s] Level 1:colcon.colcon_core.package_identification:_identify(src/ros2_nmea_pkg) by extension 'colcon_pkg'
[2.785s] Level 1:colcon.colcon_core.package_identification:_identify(src/ros2_nmea_pkg) by extensions ['colcon_meta']
[2.785s] Level 1:colcon.colcon_core.package_identification:_identify(src/ros2_nmea_pkg) by extension 'colcon_meta'
[2.785s] Level 1:colcon.colcon_core.package_identification:_identify(src/ros2_nmea_pkg) by extensions ['ros']
[2.785s] Level 1:colcon.colcon_core.package_identification:_identify(src/ros2_nmea_pkg) by extension 'ros'
[2.787s] DEBUG:colcon.colcon_core.package_identification:Package 'src/ros2_nmea_pkg' with type 'ros.ament_python' and name 'ros2_nmea_pkg'
[2.787s] Level 1:colcon.colcon_core.package_discovery:discover_packages(recursive) using defaults
[2.787s] Level 1:colcon.colcon_core.package_discovery:discover_packages(ignore) discover
[2.787s] Level 1:colcon.colcon_core.package_discovery:discover_packages(ignore) using defaults
[2.787s] Level 1:colcon.colcon_core.package_discovery:discover_packages(path) discover
[2.787s] Level 1:colcon.colcon_core.package_discovery:discover_packages(path) using defaults
[3.045s] Level 1:colcon.colcon_core.package_discovery:discover_packages(prefix_path) check parameters
[3.045s] Level 1:colcon.colcon_core.package_discovery:discover_packages(prefix_path) discover
[3.142s] DEBUG:colcon.colcon_installed_package_information.package_discovery:Found 1 installed packages in /home/hankyeolyu/vilab/freshman/step2/nmea_ws/install
[3.190s] DEBUG:colcon.colcon_installed_package_information.package_discovery:Found 0 installed packages in /home/hankyeolyu/robot_ws/install
[3.239s] DEBUG:colcon.colcon_installed_package_information.package_discovery:Found 258 installed packages in /opt/ros/foxy
[3.240s] Level 1:colcon.colcon_core.package_discovery:discover_packages(prefix_path) using defaults
[3.381s] Level 5:colcon.colcon_core.verb:set package 'ros2_nmea_pkg' build argument 'cmake_args' from command line to 'None'
[3.381s] Level 5:colcon.colcon_core.verb:set package 'ros2_nmea_pkg' build argument 'cmake_target' from command line to 'None'
[3.381s] Level 5:colcon.colcon_core.verb:set package 'ros2_nmea_pkg' build argument 'cmake_target_skip_unavailable' from command line to 'False'
[3.381s] Level 5:colcon.colcon_core.verb:set package 'ros2_nmea_pkg' build argument 'cmake_clean_cache' from command line to 'False'
[3.381s] Level 5:colcon.colcon_core.verb:set package 'ros2_nmea_pkg' build argument 'cmake_clean_first' from command line to 'False'
[3.381s] Level 5:colcon.colcon_core.verb:set package 'ros2_nmea_pkg' build argument 'cmake_force_configure' from command line to 'False'
[3.381s] Level 5:colcon.colcon_core.verb:set package 'ros2_nmea_pkg' build argument 'ament_cmake_args' from command line to 'None'
[3.381s] Level 5:colcon.colcon_core.verb:set package 'ros2_nmea_pkg' build argument 'catkin_cmake_args' from command line to 'None'
[3.381s] Level 5:colcon.colcon_core.verb:set package 'ros2_nmea_pkg' build argument 'catkin_skip_building_tests' from command line to 'False'
[3.381s] DEBUG:colcon.colcon_core.verb:Building package 'ros2_nmea_pkg' with the following arguments: {'ament_cmake_args': None, 'build_base': '/home/hankyeolyu/vilab/freshman/step2/nmea_ws/build/ros2_nmea_pkg', 'catkin_cmake_args': None, 'catkin_skip_building_tests': False, 'cmake_args': None, 'cmake_clean_cache': False, 'cmake_clean_first': False, 'cmake_force_configure': False, 'cmake_target': None, 'cmake_target_skip_unavailable': False, 'install_base': '/home/hankyeolyu/vilab/freshman/step2/nmea_ws/install/ros2_nmea_pkg', 'merge_install': False, 'path': '/home/hankyeolyu/vilab/freshman/step2/nmea_ws/src/ros2_nmea_pkg', 'symlink_install': False, 'test_result_base': None}
[3.430s] INFO:colcon.colcon_core.executor:Executing jobs using 'parallel' executor
[3.479s] DEBUG:colcon.colcon_parallel_executor.executor.parallel:run_until_complete
[3.479s] INFO:colcon.colcon_ros.task.ament_python.build:Building ROS package in '/home/hankyeolyu/vilab/freshman/step2/nmea_ws/src/ros2_nmea_pkg' with build type 'ament_python'
[3.479s] Level 1:colcon.colcon_core.shell:create_environment_hook('ros2_nmea_pkg', 'ament_prefix_path')
[3.530s] INFO:colcon.colcon_core.plugin_system:Skipping extension 'colcon_core.shell.bat': Not used on non-Windows systems
[3.530s] INFO:colcon.colcon_core.shell:Creating environment hook '/home/hankyeolyu/vilab/freshman/step2/nmea_ws/install/ros2_nmea_pkg/share/ros2_nmea_pkg/hook/ament_prefix_path.ps1'
[3.530s] INFO:colcon.colcon_core.shell:Creating environment descriptor '/home/hankyeolyu/vilab/freshman/step2/nmea_ws/install/ros2_nmea_pkg/share/ros2_nmea_pkg/hook/ament_prefix_path.dsv'
[3.531s] INFO:colcon.colcon_core.shell:Creating environment hook '/home/hankyeolyu/vilab/freshman/step2/nmea_ws/install/ros2_nmea_pkg/share/ros2_nmea_pkg/hook/ament_prefix_path.sh'
[3.578s] INFO:colcon.colcon_core.shell:Skip shell extension 'powershell' for command environment: Not usable outside of PowerShell
[3.578s] DEBUG:colcon.colcon_core.shell:Skip shell extension 'dsv' for command environment
[3.889s] INFO:colcon.colcon_core.task.python.build:Building Python package in '/home/hankyeolyu/vilab/freshman/step2/nmea_ws/src/ros2_nmea_pkg'
[3.938s] INFO:colcon.colcon_core.shell:Skip shell extension 'powershell' for command environment: Not usable outside of PowerShell
[3.938s] DEBUG:colcon.colcon_core.shell:Skip shell extension 'dsv' for command environment
[4.344s] DEBUG:colcon.colcon_core.event_handler.log_command:Invoking command in '/home/hankyeolyu/vilab/freshman/step2/nmea_ws/src/ros2_nmea_pkg': PYTHONPATH=/home/hankyeolyu/vilab/freshman/step2/nmea_ws/build/ros2_nmea_pkg/prefix_override:/home/hankyeolyu/vilab/freshman/step2/nmea_ws/install/ros2_nmea_pkg/lib/python3.8/site-packages:${PYTHONPATH} /usr/bin/python3 setup.py egg_info --egg-base ../../build/ros2_nmea_pkg build --build-base /home/hankyeolyu/vilab/freshman/step2/nmea_ws/build/ros2_nmea_pkg/build install --record /home/hankyeolyu/vilab/freshman/step2/nmea_ws/build/ros2_nmea_pkg/install.log --install-scripts $base/lib/ros2_nmea_pkg --single-version-externally-managed
[4.497s] DEBUG:colcon.colcon_core.event_handler.log_command:Invoked command in '/home/hankyeolyu/vilab/freshman/step2/nmea_ws/src/ros2_nmea_pkg' returned '0': PYTHONPATH=/home/hankyeolyu/vilab/freshman/step2/nmea_ws/build/ros2_nmea_pkg/prefix_override:/home/hankyeolyu/vilab/freshman/step2/nmea_ws/install/ros2_nmea_pkg/lib/python3.8/site-packages:${PYTHONPATH} /usr/bin/python3 setup.py egg_info --egg-base ../../build/ros2_nmea_pkg build --build-base /home/hankyeolyu/vilab/freshman/step2/nmea_ws/build/ros2_nmea_pkg/build install --record /home/hankyeolyu/vilab/freshman/step2/nmea_ws/build/ros2_nmea_pkg/install.log --install-scripts $base/lib/ros2_nmea_pkg --single-version-externally-managed
[4.547s] Level 1:colcon.colcon_core.environment:checking '/home/hankyeolyu/vilab/freshman/step2/nmea_ws/install/ros2_nmea_pkg' for CMake module files
[4.547s] Level 1:colcon.colcon_core.environment:checking '/home/hankyeolyu/vilab/freshman/step2/nmea_ws/install/ros2_nmea_pkg' for CMake config files
[4.547s] Level 1:colcon.colcon_core.environment:checking '/home/hankyeolyu/vilab/freshman/step2/nmea_ws/install/ros2_nmea_pkg/lib'
[4.547s] Level 1:colcon.colcon_core.environment:checking '/home/hankyeolyu/vilab/freshman/step2/nmea_ws/install/ros2_nmea_pkg/bin'
[4.547s] Level 1:colcon.colcon_core.environment:checking '/home/hankyeolyu/vilab/freshman/step2/nmea_ws/install/ros2_nmea_pkg/lib/pkgconfig/ros2_nmea_pkg.pc'
[4.548s] Level 1:colcon.colcon_core.environment:checking '/home/hankyeolyu/vilab/freshman/step2/nmea_ws/install/ros2_nmea_pkg/lib/python3.8/site-packages'
[4.548s] Level 1:colcon.colcon_core.shell:create_environment_hook('ros2_nmea_pkg', 'pythonpath')
[4.596s] INFO:colcon.colcon_core.shell:Creating environment hook '/home/hankyeolyu/vilab/freshman/step2/nmea_ws/install/ros2_nmea_pkg/share/ros2_nmea_pkg/hook/pythonpath.ps1'
[4.596s] INFO:colcon.colcon_core.shell:Creating environment descriptor '/home/hankyeolyu/vilab/freshman/step2/nmea_ws/install/ros2_nmea_pkg/share/ros2_nmea_pkg/hook/pythonpath.dsv'
[4.596s] INFO:colcon.colcon_core.shell:Creating environment hook '/home/hankyeolyu/vilab/freshman/step2/nmea_ws/install/ros2_nmea_pkg/share/ros2_nmea_pkg/hook/pythonpath.sh'
[4.596s] Level 1:colcon.colcon_core.environment:checking '/home/hankyeolyu/vilab/freshman/step2/nmea_ws/install/ros2_nmea_pkg/bin'
[4.596s] Level 1:colcon.colcon_core.environment:create_environment_scripts_only(ros2_nmea_pkg)
[4.645s] INFO:colcon.colcon_core.shell:Creating package script '/home/hankyeolyu/vilab/freshman/step2/nmea_ws/install/ros2_nmea_pkg/share/ros2_nmea_pkg/package.ps1'
[4.646s] INFO:colcon.colcon_core.shell:Creating package descriptor '/home/hankyeolyu/vilab/freshman/step2/nmea_ws/install/ros2_nmea_pkg/share/ros2_nmea_pkg/package.dsv'
[4.646s] INFO:colcon.colcon_core.shell:Creating package script '/home/hankyeolyu/vilab/freshman/step2/nmea_ws/install/ros2_nmea_pkg/share/ros2_nmea_pkg/package.sh'
[4.646s] INFO:colcon.colcon_core.shell:Creating package script '/home/hankyeolyu/vilab/freshman/step2/nmea_ws/install/ros2_nmea_pkg/share/ros2_nmea_pkg/package.bash'
[4.647s] INFO:colcon.colcon_core.shell:Creating package script '/home/hankyeolyu/vilab/freshman/step2/nmea_ws/install/ros2_nmea_pkg/share/ros2_nmea_pkg/package.zsh'
[4.647s] Level 1:colcon.colcon_core.environment:create_file_with_runtime_dependencies(/home/hankyeolyu/vilab/freshman/step2/nmea_ws/install/ros2_nmea_pkg/share/colcon-core/packages/ros2_nmea_pkg)
[4.647s] DEBUG:colcon.colcon_parallel_executor.executor.parallel:closing loop
[4.648s] DEBUG:colcon.colcon_parallel_executor.executor.parallel:loop closed
[4.648s] DEBUG:colcon.colcon_parallel_executor.executor.parallel:run_until_complete finished with '0'
[4.648s] DEBUG:colcon.colcon_core.event_reactor:joining thread
[4.700s] INFO:colcon.colcon_core.plugin_system:Skipping extension 'colcon_notification.desktop_notification.terminal_notifier': Not used on non-Darwin systems
[4.700s] INFO:colcon.colcon_core.plugin_system:Skipping extension 'colcon_notification.desktop_notification.win32': Not used on non-Windows systems
[4.700s] INFO:colcon.colcon_notification.desktop_notification:Sending desktop notification using 'notify2'
[4.710s] DEBUG:colcon.colcon_core.event_reactor:joined thread
[4.770s] INFO:colcon.colcon_core.shell:Creating prefix script '/home/hankyeolyu/vilab/freshman/step2/nmea_ws/install/local_setup.ps1'
[4.771s] INFO:colcon.colcon_core.shell:Creating prefix util module '/home/hankyeolyu/vilab/freshman/step2/nmea_ws/install/_local_setup_util_ps1.py'
[4.771s] INFO:colcon.colcon_core.shell:Creating prefix chain script '/home/hankyeolyu/vilab/freshman/step2/nmea_ws/install/setup.ps1'
[4.821s] INFO:colcon.colcon_core.shell:Creating prefix script '/home/hankyeolyu/vilab/freshman/step2/nmea_ws/install/local_setup.sh'
[4.821s] INFO:colcon.colcon_core.shell:Creating prefix util module '/home/hankyeolyu/vilab/freshman/step2/nmea_ws/install/_local_setup_util_sh.py'
[4.822s] INFO:colcon.colcon_core.shell:Creating prefix chain script '/home/hankyeolyu/vilab/freshman/step2/nmea_ws/install/setup.sh'
[4.871s] INFO:colcon.colcon_core.shell:Creating prefix script '/home/hankyeolyu/vilab/freshman/step2/nmea_ws/install/local_setup.bash'
[4.871s] INFO:colcon.colcon_core.shell:Creating prefix chain script '/home/hankyeolyu/vilab/freshman/step2/nmea_ws/install/setup.bash'
[4.920s] INFO:colcon.colcon_core.shell:Creating prefix script '/home/hankyeolyu/vilab/freshman/step2/nmea_ws/install/local_setup.zsh'
[4.921s] INFO:colcon.colcon_core.shell:Creating prefix chain script '/home/hankyeolyu/vilab/freshman/step2/nmea_ws/install/setup.zsh'
