[0.796s] Invoking command in '/home/hankyeolyu/vilab/freshman/step2/nmea_ws/src/ros2_nmea_pkg': PYTHONPATH=/home/hankyeolyu/vilab/freshman/step2/nmea_ws/build/ros2_nmea_pkg/prefix_override:/home/hankyeolyu/vilab/freshman/step2/nmea_ws/install/ros2_nmea_pkg/lib/python3.8/site-packages:${PYTHONPATH} /usr/bin/python3 setup.py egg_info --egg-base ../../build/ros2_nmea_pkg build --build-base /home/hankyeolyu/vilab/freshman/step2/nmea_ws/build/ros2_nmea_pkg/build install --record /home/hankyeolyu/vilab/freshman/step2/nmea_ws/build/ros2_nmea_pkg/install.log --install-scripts $base/lib/ros2_nmea_pkg --single-version-externally-managed
[0.901s] running egg_info
[0.901s] writing ../../build/ros2_nmea_pkg/ros2_nmea_pkg.egg-info/PKG-INFO
[0.902s] writing dependency_links to ../../build/ros2_nmea_pkg/ros2_nmea_pkg.egg-info/dependency_links.txt
[0.902s] writing entry points to ../../build/ros2_nmea_pkg/ros2_nmea_pkg.egg-info/entry_points.txt
[0.902s] writing requirements to ../../build/ros2_nmea_pkg/ros2_nmea_pkg.egg-info/requires.txt
[0.902s] writing top-level names to ../../build/ros2_nmea_pkg/ros2_nmea_pkg.egg-info/top_level.txt
[0.921s] reading manifest file '../../build/ros2_nmea_pkg/ros2_nmea_pkg.egg-info/SOURCES.txt'
[0.922s] writing manifest file '../../build/ros2_nmea_pkg/ros2_nmea_pkg.egg-info/SOURCES.txt'
[0.922s] running build
[0.922s] running build_py
[0.922s] copying ros2_nmea_pkg/serial_nmea_subscriber.py -> /home/hankyeolyu/vilab/freshman/step2/nmea_ws/build/ros2_nmea_pkg/build/lib/ros2_nmea_pkg
[0.922s] running install
[0.923s] running install_lib
[0.923s] copying /home/hankyeolyu/vilab/freshman/step2/nmea_ws/build/ros2_nmea_pkg/build/lib/ros2_nmea_pkg/serial_nmea_subscriber.py -> /home/hankyeolyu/vilab/freshman/step2/nmea_ws/install/ros2_nmea_pkg/lib/python3.8/site-packages/ros2_nmea_pkg
[0.924s] byte-compiling /home/hankyeolyu/vilab/freshman/step2/nmea_ws/install/ros2_nmea_pkg/lib/python3.8/site-packages/ros2_nmea_pkg/serial_nmea_subscriber.py to serial_nmea_subscriber.cpython-38.pyc
[0.925s] running install_data
[0.926s] running install_egg_info
[0.927s] removing '/home/hankyeolyu/vilab/freshman/step2/nmea_ws/install/ros2_nmea_pkg/lib/python3.8/site-packages/ros2_nmea_pkg-0.0.0-py3.8.egg-info' (and everything under it)
[0.927s] Copying ../../build/ros2_nmea_pkg/ros2_nmea_pkg.egg-info to /home/hankyeolyu/vilab/freshman/step2/nmea_ws/install/ros2_nmea_pkg/lib/python3.8/site-packages/ros2_nmea_pkg-0.0.0-py3.8.egg-info
[0.927s] running install_scripts
[0.937s] Installing nmea_publisher script to /home/hankyeolyu/vilab/freshman/step2/nmea_ws/install/ros2_nmea_pkg/lib/ros2_nmea_pkg
[0.937s] Installing nmea_subscriber script to /home/hankyeolyu/vilab/freshman/step2/nmea_ws/install/ros2_nmea_pkg/lib/ros2_nmea_pkg
[0.938s] Installing serial_nmea_publisher script to /home/hankyeolyu/vilab/freshman/step2/nmea_ws/install/ros2_nmea_pkg/lib/ros2_nmea_pkg
[0.938s] Installing serial_nmea_subscriber script to /home/hankyeolyu/vilab/freshman/step2/nmea_ws/install/ros2_nmea_pkg/lib/ros2_nmea_pkg
[0.938s] writing list of installed files to '/home/hankyeolyu/vilab/freshman/step2/nmea_ws/build/ros2_nmea_pkg/install.log'
[0.951s] Invoked command in '/home/hankyeolyu/vilab/freshman/step2/nmea_ws/src/ros2_nmea_pkg' returned '0': PYTHONPATH=/home/hankyeolyu/vilab/freshman/step2/nmea_ws/build/ros2_nmea_pkg/prefix_override:/home/hankyeolyu/vilab/freshman/step2/nmea_ws/install/ros2_nmea_pkg/lib/python3.8/site-packages:${PYTHONPATH} /usr/bin/python3 setup.py egg_info --egg-base ../../build/ros2_nmea_pkg build --build-base /home/hankyeolyu/vilab/freshman/step2/nmea_ws/build/ros2_nmea_pkg/build install --record /home/hankyeolyu/vilab/freshman/step2/nmea_ws/build/ros2_nmea_pkg/install.log --install-scripts $base/lib/ros2_nmea_pkg --single-version-externally-managed
