[0.750s] Invoking command in '/home/hankyeolyu/vilab/freshman/step2/nmea_ws/build/ros2_nmea_pkg': PYTHONPATH=/home/hankyeolyu/vilab/freshman/step2/nmea_ws/build/ros2_nmea_pkg/prefix_override:/home/hankyeolyu/vilab/freshman/step2/nmea_ws/install/ros2_nmea_pkg/lib/python3.8/site-packages:${PYTHONPATH} /usr/bin/python3 setup.py develop --uninstall --editable --build-directory /home/hankyeolyu/vilab/freshman/step2/nmea_ws/build/ros2_nmea_pkg/build
[0.866s] running develop
[0.927s] Removing /home/hankyeolyu/vilab/freshman/step2/nmea_ws/install/ros2_nmea_pkg/lib/python3.8/site-packages/ros2-nmea-pkg.egg-link (link to .)
[0.940s] Invoked command in '/home/hankyeolyu/vilab/freshman/step2/nmea_ws/build/ros2_nmea_pkg' returned '0': PYTHONPATH=/home/hankyeolyu/vilab/freshman/step2/nmea_ws/build/ros2_nmea_pkg/prefix_override:/home/hankyeolyu/vilab/freshman/step2/nmea_ws/install/ros2_nmea_pkg/lib/python3.8/site-packages:${PYTHONPATH} /usr/bin/python3 setup.py develop --uninstall --editable --build-directory /home/hankyeolyu/vilab/freshman/step2/nmea_ws/build/ros2_nmea_pkg/build
[0.942s] Invoking command in '/home/hankyeolyu/vilab/freshman/step2/nmea_ws/src/ros2_nmea_pkg': PYTHONPATH=/home/hankyeolyu/vilab/freshman/step2/nmea_ws/build/ros2_nmea_pkg/prefix_override:/home/hankyeolyu/vilab/freshman/step2/nmea_ws/install/ros2_nmea_pkg/lib/python3.8/site-packages:${PYTHONPATH} /usr/bin/python3 setup.py egg_info --egg-base ../../build/ros2_nmea_pkg build --build-base /home/hankyeolyu/vilab/freshman/step2/nmea_ws/build/ros2_nmea_pkg/build install --record /home/hankyeolyu/vilab/freshman/step2/nmea_ws/build/ros2_nmea_pkg/install.log --install-scripts $base/lib/ros2_nmea_pkg --single-version-externally-managed
[1.047s] running egg_info
[1.047s] writing ../../build/ros2_nmea_pkg/ros2_nmea_pkg.egg-info/PKG-INFO
[1.048s] writing dependency_links to ../../build/ros2_nmea_pkg/ros2_nmea_pkg.egg-info/dependency_links.txt
[1.048s] writing entry points to ../../build/ros2_nmea_pkg/ros2_nmea_pkg.egg-info/entry_points.txt
[1.048s] writing requirements to ../../build/ros2_nmea_pkg/ros2_nmea_pkg.egg-info/requires.txt
[1.048s] writing top-level names to ../../build/ros2_nmea_pkg/ros2_nmea_pkg.egg-info/top_level.txt
[1.065s] reading manifest file '../../build/ros2_nmea_pkg/ros2_nmea_pkg.egg-info/SOURCES.txt'
[1.066s] writing manifest file '../../build/ros2_nmea_pkg/ros2_nmea_pkg.egg-info/SOURCES.txt'
[1.066s] running build
[1.066s] running build_py
[1.066s] creating /home/hankyeolyu/vilab/freshman/step2/nmea_ws/build/ros2_nmea_pkg/build
[1.066s] creating /home/hankyeolyu/vilab/freshman/step2/nmea_ws/build/ros2_nmea_pkg/build/lib
[1.066s] creating /home/hankyeolyu/vilab/freshman/step2/nmea_ws/build/ros2_nmea_pkg/build/lib/ros2_nmea_pkg
[1.066s] copying ros2_nmea_pkg/nmea_publisher.py -> /home/hankyeolyu/vilab/freshman/step2/nmea_ws/build/ros2_nmea_pkg/build/lib/ros2_nmea_pkg
[1.066s] copying ros2_nmea_pkg/__init__.py -> /home/hankyeolyu/vilab/freshman/step2/nmea_ws/build/ros2_nmea_pkg/build/lib/ros2_nmea_pkg
[1.066s] copying ros2_nmea_pkg/nmea_subscriber.py -> /home/hankyeolyu/vilab/freshman/step2/nmea_ws/build/ros2_nmea_pkg/build/lib/ros2_nmea_pkg
[1.066s] running install
[1.066s] running install_lib
[1.067s] creating /home/hankyeolyu/vilab/freshman/step2/nmea_ws/install/ros2_nmea_pkg/lib/python3.8/site-packages/ros2_nmea_pkg
[1.067s] copying /home/hankyeolyu/vilab/freshman/step2/nmea_ws/build/ros2_nmea_pkg/build/lib/ros2_nmea_pkg/nmea_publisher.py -> /home/hankyeolyu/vilab/freshman/step2/nmea_ws/install/ros2_nmea_pkg/lib/python3.8/site-packages/ros2_nmea_pkg
[1.067s] copying /home/hankyeolyu/vilab/freshman/step2/nmea_ws/build/ros2_nmea_pkg/build/lib/ros2_nmea_pkg/__init__.py -> /home/hankyeolyu/vilab/freshman/step2/nmea_ws/install/ros2_nmea_pkg/lib/python3.8/site-packages/ros2_nmea_pkg
[1.067s] copying /home/hankyeolyu/vilab/freshman/step2/nmea_ws/build/ros2_nmea_pkg/build/lib/ros2_nmea_pkg/nmea_subscriber.py -> /home/hankyeolyu/vilab/freshman/step2/nmea_ws/install/ros2_nmea_pkg/lib/python3.8/site-packages/ros2_nmea_pkg
[1.067s] byte-compiling /home/hankyeolyu/vilab/freshman/step2/nmea_ws/install/ros2_nmea_pkg/lib/python3.8/site-packages/ros2_nmea_pkg/nmea_publisher.py to nmea_publisher.cpython-38.pyc
[1.068s] byte-compiling /home/hankyeolyu/vilab/freshman/step2/nmea_ws/install/ros2_nmea_pkg/lib/python3.8/site-packages/ros2_nmea_pkg/__init__.py to __init__.cpython-38.pyc
[1.068s] byte-compiling /home/hankyeolyu/vilab/freshman/step2/nmea_ws/install/ros2_nmea_pkg/lib/python3.8/site-packages/ros2_nmea_pkg/nmea_subscriber.py to nmea_subscriber.cpython-38.pyc
[1.069s] running install_data
[1.069s] running install_egg_info
[1.070s] Copying ../../build/ros2_nmea_pkg/ros2_nmea_pkg.egg-info to /home/hankyeolyu/vilab/freshman/step2/nmea_ws/install/ros2_nmea_pkg/lib/python3.8/site-packages/ros2_nmea_pkg-0.0.0-py3.8.egg-info
[1.070s] running install_scripts
[1.080s] writing list of installed files to '/home/hankyeolyu/vilab/freshman/step2/nmea_ws/build/ros2_nmea_pkg/install.log'
[1.092s] Invoked command in '/home/hankyeolyu/vilab/freshman/step2/nmea_ws/src/ros2_nmea_pkg' returned '0': PYTHONPATH=/home/hankyeolyu/vilab/freshman/step2/nmea_ws/build/ros2_nmea_pkg/prefix_override:/home/hankyeolyu/vilab/freshman/step2/nmea_ws/install/ros2_nmea_pkg/lib/python3.8/site-packages:${PYTHONPATH} /usr/bin/python3 setup.py egg_info --egg-base ../../build/ros2_nmea_pkg build --build-base /home/hankyeolyu/vilab/freshman/step2/nmea_ws/build/ros2_nmea_pkg/build install --record /home/hankyeolyu/vilab/freshman/step2/nmea_ws/build/ros2_nmea_pkg/install.log --install-scripts $base/lib/ros2_nmea_pkg --single-version-externally-managed
