[0.909s] Invoking command in '/home/hankyeolyu/vilab/freshman/step2/NMEA-Parsing/src/ros2_nmea_pkg': PYTHONPATH=/home/hankyeolyu/vilab/freshman/step2/NMEA-Parsing/build/ros2_nmea_pkg/prefix_override:/home/hankyeolyu/vilab/freshman/step2/NMEA-Parsing/install/ros2_nmea_pkg/lib/python3.8/site-packages:${PYTHONPATH} /usr/bin/python3 setup.py egg_info --egg-base ../../build/ros2_nmea_pkg build --build-base /home/hankyeolyu/vilab/freshman/step2/NMEA-Parsing/build/ros2_nmea_pkg/build install --record /home/hankyeolyu/vilab/freshman/step2/NMEA-Parsing/build/ros2_nmea_pkg/install.log --install-scripts $base/lib/ros2_nmea_pkg --single-version-externally-managed
[1.020s] running egg_info
[1.020s] writing ../../build/ros2_nmea_pkg/ros2_nmea_pkg.egg-info/PKG-INFO
[1.020s] writing dependency_links to ../../build/ros2_nmea_pkg/ros2_nmea_pkg.egg-info/dependency_links.txt
[1.021s] writing entry points to ../../build/ros2_nmea_pkg/ros2_nmea_pkg.egg-info/entry_points.txt
[1.021s] writing requirements to ../../build/ros2_nmea_pkg/ros2_nmea_pkg.egg-info/requires.txt
[1.021s] writing top-level names to ../../build/ros2_nmea_pkg/ros2_nmea_pkg.egg-info/top_level.txt
[1.039s] reading manifest file '../../build/ros2_nmea_pkg/ros2_nmea_pkg.egg-info/SOURCES.txt'
[1.039s] writing manifest file '../../build/ros2_nmea_pkg/ros2_nmea_pkg.egg-info/SOURCES.txt'
[1.039s] running build
[1.039s] running build_py
[1.040s] running install
[1.040s] running install_lib
[1.041s] running install_data
[1.041s] running install_egg_info
[1.042s] removing '/home/hankyeolyu/vilab/freshman/step2/NMEA-Parsing/install/ros2_nmea_pkg/lib/python3.8/site-packages/ros2_nmea_pkg-0.0.0-py3.8.egg-info' (and everything under it)
[1.042s] Copying ../../build/ros2_nmea_pkg/ros2_nmea_pkg.egg-info to /home/hankyeolyu/vilab/freshman/step2/NMEA-Parsing/install/ros2_nmea_pkg/lib/python3.8/site-packages/ros2_nmea_pkg-0.0.0-py3.8.egg-info
[1.043s] running install_scripts
[1.052s] Installing nmea_publisher script to /home/hankyeolyu/vilab/freshman/step2/NMEA-Parsing/install/ros2_nmea_pkg/lib/ros2_nmea_pkg
[1.053s] Installing nmea_subscriber script to /home/hankyeolyu/vilab/freshman/step2/NMEA-Parsing/install/ros2_nmea_pkg/lib/ros2_nmea_pkg
[1.053s] Installing serial_nmea_publisher script to /home/hankyeolyu/vilab/freshman/step2/NMEA-Parsing/install/ros2_nmea_pkg/lib/ros2_nmea_pkg
[1.053s] Installing serial_nmea_subscriber script to /home/hankyeolyu/vilab/freshman/step2/NMEA-Parsing/install/ros2_nmea_pkg/lib/ros2_nmea_pkg
[1.053s] writing list of installed files to '/home/hankyeolyu/vilab/freshman/step2/NMEA-Parsing/build/ros2_nmea_pkg/install.log'
[1.065s] Invoked command in '/home/hankyeolyu/vilab/freshman/step2/NMEA-Parsing/src/ros2_nmea_pkg' returned '0': PYTHONPATH=/home/hankyeolyu/vilab/freshman/step2/NMEA-Parsing/build/ros2_nmea_pkg/prefix_override:/home/hankyeolyu/vilab/freshman/step2/NMEA-Parsing/install/ros2_nmea_pkg/lib/python3.8/site-packages:${PYTHONPATH} /usr/bin/python3 setup.py egg_info --egg-base ../../build/ros2_nmea_pkg build --build-base /home/hankyeolyu/vilab/freshman/step2/NMEA-Parsing/build/ros2_nmea_pkg/build install --record /home/hankyeolyu/vilab/freshman/step2/NMEA-Parsing/build/ros2_nmea_pkg/install.log --install-scripts $base/lib/ros2_nmea_pkg --single-version-externally-managed
