[0.917s] Invoking command in '/home/hankyeolyu/vilab/freshman/step2/nmea_ws/src/ros2_nmea_pkg': PYTHONPATH=/home/hankyeolyu/vilab/freshman/step2/nmea_ws/build/ros2_nmea_pkg/prefix_override:/home/hankyeolyu/vilab/freshman/step2/nmea_ws/install/ros2_nmea_pkg/lib/python3.8/site-packages:${PYTHONPATH} /usr/bin/python3 setup.py egg_info --egg-base ../../build/ros2_nmea_pkg build --build-base /home/hankyeolyu/vilab/freshman/step2/nmea_ws/build/ros2_nmea_pkg/build install --record /home/hankyeolyu/vilab/freshman/step2/nmea_ws/build/ros2_nmea_pkg/install.log --install-scripts $base/lib/ros2_nmea_pkg --single-version-externally-managed
[1.024s] running egg_info
[1.025s] writing ../../build/ros2_nmea_pkg/ros2_nmea_pkg.egg-info/PKG-INFO
[1.025s] writing dependency_links to ../../build/ros2_nmea_pkg/ros2_nmea_pkg.egg-info/dependency_links.txt
[1.025s] writing entry points to ../../build/ros2_nmea_pkg/ros2_nmea_pkg.egg-info/entry_points.txt
[1.025s] writing requirements to ../../build/ros2_nmea_pkg/ros2_nmea_pkg.egg-info/requires.txt
[1.025s] writing top-level names to ../../build/ros2_nmea_pkg/ros2_nmea_pkg.egg-info/top_level.txt
[1.044s] reading manifest file '../../build/ros2_nmea_pkg/ros2_nmea_pkg.egg-info/SOURCES.txt'
[1.045s] writing manifest file '../../build/ros2_nmea_pkg/ros2_nmea_pkg.egg-info/SOURCES.txt'
[1.045s] running build
[1.045s] running build_py
[1.045s] copying ros2_nmea_pkg/serial_nmea_publisher.py -> /home/hankyeolyu/vilab/freshman/step2/nmea_ws/build/ros2_nmea_pkg/build/lib/ros2_nmea_pkg
[1.045s] running install
[1.046s] running install_lib
[1.047s] copying /home/hankyeolyu/vilab/freshman/step2/nmea_ws/build/ros2_nmea_pkg/build/lib/ros2_nmea_pkg/serial_nmea_publisher.py -> /home/hankyeolyu/vilab/freshman/step2/nmea_ws/install/ros2_nmea_pkg/lib/python3.8/site-packages/ros2_nmea_pkg
[1.047s] byte-compiling /home/hankyeolyu/vilab/freshman/step2/nmea_ws/install/ros2_nmea_pkg/lib/python3.8/site-packages/ros2_nmea_pkg/serial_nmea_publisher.py to serial_nmea_publisher.cpython-38.pyc
[1.048s] running install_data
[1.049s] running install_egg_info
[1.050s] removing '/home/hankyeolyu/vilab/freshman/step2/nmea_ws/install/ros2_nmea_pkg/lib/python3.8/site-packages/ros2_nmea_pkg-0.0.0-py3.8.egg-info' (and everything under it)
[1.050s] Copying ../../build/ros2_nmea_pkg/ros2_nmea_pkg.egg-info to /home/hankyeolyu/vilab/freshman/step2/nmea_ws/install/ros2_nmea_pkg/lib/python3.8/site-packages/ros2_nmea_pkg-0.0.0-py3.8.egg-info
[1.050s] running install_scripts
[1.060s] Installing nmea_publisher script to /home/hankyeolyu/vilab/freshman/step2/nmea_ws/install/ros2_nmea_pkg/lib/ros2_nmea_pkg
[1.060s] Installing nmea_subscriber script to /home/hankyeolyu/vilab/freshman/step2/nmea_ws/install/ros2_nmea_pkg/lib/ros2_nmea_pkg
[1.060s] Installing serial_nmea_publisher script to /home/hankyeolyu/vilab/freshman/step2/nmea_ws/install/ros2_nmea_pkg/lib/ros2_nmea_pkg
[1.060s] Installing serial_nmea_subscriber script to /home/hankyeolyu/vilab/freshman/step2/nmea_ws/install/ros2_nmea_pkg/lib/ros2_nmea_pkg
[1.060s] writing list of installed files to '/home/hankyeolyu/vilab/freshman/step2/nmea_ws/build/ros2_nmea_pkg/install.log'
[1.073s] Invoked command in '/home/hankyeolyu/vilab/freshman/step2/nmea_ws/src/ros2_nmea_pkg' returned '0': PYTHONPATH=/home/hankyeolyu/vilab/freshman/step2/nmea_ws/build/ros2_nmea_pkg/prefix_override:/home/hankyeolyu/vilab/freshman/step2/nmea_ws/install/ros2_nmea_pkg/lib/python3.8/site-packages:${PYTHONPATH} /usr/bin/python3 setup.py egg_info --egg-base ../../build/ros2_nmea_pkg build --build-base /home/hankyeolyu/vilab/freshman/step2/nmea_ws/build/ros2_nmea_pkg/build install --record /home/hankyeolyu/vilab/freshman/step2/nmea_ws/build/ros2_nmea_pkg/install.log --install-scripts $base/lib/ros2_nmea_pkg --single-version-externally-managed
