/home/hankyeolyu/vilab/freshman/step2/NMEA-Parsing/install/ros2_nmea_pkg/lib/python3.8/site-packages/ros2_nmea_pkg/nmea_publisher.py
/home/hankyeolyu/vilab/freshman/step2/NMEA-Parsing/install/ros2_nmea_pkg/lib/python3.8/site-packages/ros2_nmea_pkg/__init__.py
/home/hankyeolyu/vilab/freshman/step2/NMEA-Parsing/install/ros2_nmea_pkg/lib/python3.8/site-packages/ros2_nmea_pkg/nmea_subscriber.py
/home/hankyeolyu/vilab/freshman/step2/NMEA-Parsing/install/ros2_nmea_pkg/lib/python3.8/site-packages/ros2_nmea_pkg/serial_nmea_subscriber.py
/home/hankyeolyu/vilab/freshman/step2/NMEA-Parsing/install/ros2_nmea_pkg/lib/python3.8/site-packages/ros2_nmea_pkg/serial_nmea_publisher.py
/home/hankyeolyu/vilab/freshman/step2/NMEA-Parsing/install/ros2_nmea_pkg/lib/python3.8/site-packages/ros2_nmea_pkg/__pycache__/nmea_publisher.cpython-38.pyc
/home/hankyeolyu/vilab/freshman/step2/NMEA-Parsing/install/ros2_nmea_pkg/lib/python3.8/site-packages/ros2_nmea_pkg/__pycache__/__init__.cpython-38.pyc
/home/hankyeolyu/vilab/freshman/step2/NMEA-Parsing/install/ros2_nmea_pkg/lib/python3.8/site-packages/ros2_nmea_pkg/__pycache__/nmea_subscriber.cpython-38.pyc
/home/hankyeolyu/vilab/freshman/step2/NMEA-Parsing/install/ros2_nmea_pkg/lib/python3.8/site-packages/ros2_nmea_pkg/__pycache__/serial_nmea_subscriber.cpython-38.pyc
/home/hankyeolyu/vilab/freshman/step2/NMEA-Parsing/install/ros2_nmea_pkg/lib/python3.8/site-packages/ros2_nmea_pkg/__pycache__/serial_nmea_publisher.cpython-38.pyc
/home/hankyeolyu/vilab/freshman/step2/NMEA-Parsing/install/ros2_nmea_pkg/share/ament_index/resource_index/packages/ros2_nmea_pkg
/home/hankyeolyu/vilab/freshman/step2/NMEA-Parsing/install/ros2_nmea_pkg/share/ros2_nmea_pkg/package.xml
/home/hankyeolyu/vilab/freshman/step2/NMEA-Parsing/install/ros2_nmea_pkg/lib/python3.8/site-packages/ros2_nmea_pkg-0.0.0-py3.8.egg-info/PKG-INFO
/home/hankyeolyu/vilab/freshman/step2/NMEA-Parsing/install/ros2_nmea_pkg/lib/python3.8/site-packages/ros2_nmea_pkg-0.0.0-py3.8.egg-info/dependency_links.txt
/home/hankyeolyu/vilab/freshman/step2/NMEA-Parsing/install/ros2_nmea_pkg/lib/python3.8/site-packages/ros2_nmea_pkg-0.0.0-py3.8.egg-info/zip-safe
/home/hankyeolyu/vilab/freshman/step2/NMEA-Parsing/install/ros2_nmea_pkg/lib/python3.8/site-packages/ros2_nmea_pkg-0.0.0-py3.8.egg-info/SOURCES.txt
/home/hankyeolyu/vilab/freshman/step2/NMEA-Parsing/install/ros2_nmea_pkg/lib/python3.8/site-packages/ros2_nmea_pkg-0.0.0-py3.8.egg-info/entry_points.txt
/home/hankyeolyu/vilab/freshman/step2/NMEA-Parsing/install/ros2_nmea_pkg/lib/python3.8/site-packages/ros2_nmea_pkg-0.0.0-py3.8.egg-info/requires.txt
/home/hankyeolyu/vilab/freshman/step2/NMEA-Parsing/install/ros2_nmea_pkg/lib/python3.8/site-packages/ros2_nmea_pkg-0.0.0-py3.8.egg-info/top_level.txt
/home/hankyeolyu/vilab/freshman/step2/NMEA-Parsing/install/ros2_nmea_pkg/lib/ros2_nmea_pkg/nmea_publisher
/home/hankyeolyu/vilab/freshman/step2/NMEA-Parsing/install/ros2_nmea_pkg/lib/ros2_nmea_pkg/nmea_subscriber
/home/hankyeolyu/vilab/freshman/step2/NMEA-Parsing/install/ros2_nmea_pkg/lib/ros2_nmea_pkg/serial_nmea_publisher
/home/hankyeolyu/vilab/freshman/step2/NMEA-Parsing/install/ros2_nmea_pkg/lib/ros2_nmea_pkg/serial_nmea_subscriber
