running egg_info
creating ../build/ros2_nmea_pkg/ros2_nmea_pkg.egg-info
writing ../build/ros2_nmea_pkg/ros2_nmea_pkg.egg-info/PKG-INFO
writing dependency_links to ../build/ros2_nmea_pkg/ros2_nmea_pkg.egg-info/dependency_links.txt
writing entry points to ../build/ros2_nmea_pkg/ros2_nmea_pkg.egg-info/entry_points.txt
writing requirements to ../build/ros2_nmea_pkg/ros2_nmea_pkg.egg-info/requires.txt
writing top-level names to ../build/ros2_nmea_pkg/ros2_nmea_pkg.egg-info/top_level.txt
writing manifest file '../build/ros2_nmea_pkg/ros2_nmea_pkg.egg-info/SOURCES.txt'
reading manifest file '../build/ros2_nmea_pkg/ros2_nmea_pkg.egg-info/SOURCES.txt'
writing manifest file '../build/ros2_nmea_pkg/ros2_nmea_pkg.egg-info/SOURCES.txt'
running build
running build_py
creating /home/hankyeolyu/vilab/freshman/step2/NMEA-Parsing/build/ros2_nmea_pkg/build
creating /home/hankyeolyu/vilab/freshman/step2/NMEA-Parsing/build/ros2_nmea_pkg/build/lib
creating /home/hankyeolyu/vilab/freshman/step2/NMEA-Parsing/build/ros2_nmea_pkg/build/lib/ros2_nmea_pkg
copying ros2_nmea_pkg/nmea_publisher.py -> /home/hankyeolyu/vilab/freshman/step2/NMEA-Parsing/build/ros2_nmea_pkg/build/lib/ros2_nmea_pkg
copying ros2_nmea_pkg/__init__.py -> /home/hankyeolyu/vilab/freshman/step2/NMEA-Parsing/build/ros2_nmea_pkg/build/lib/ros2_nmea_pkg
copying ros2_nmea_pkg/nmea_subscriber.py -> /home/hankyeolyu/vilab/freshman/step2/NMEA-Parsing/build/ros2_nmea_pkg/build/lib/ros2_nmea_pkg
copying ros2_nmea_pkg/serial_nmea_subscriber.py -> /home/hankyeolyu/vilab/freshman/step2/NMEA-Parsing/build/ros2_nmea_pkg/build/lib/ros2_nmea_pkg
copying ros2_nmea_pkg/serial_nmea_publisher.py -> /home/hankyeolyu/vilab/freshman/step2/NMEA-Parsing/build/ros2_nmea_pkg/build/lib/ros2_nmea_pkg
running install
running install_lib
creating /home/hankyeolyu/vilab/freshman/step2/NMEA-Parsing/install/ros2_nmea_pkg/lib/python3.8/site-packages/ros2_nmea_pkg
copying /home/hankyeolyu/vilab/freshman/step2/NMEA-Parsing/build/ros2_nmea_pkg/build/lib/ros2_nmea_pkg/nmea_publisher.py -> /home/hankyeolyu/vilab/freshman/step2/NMEA-Parsing/install/ros2_nmea_pkg/lib/python3.8/site-packages/ros2_nmea_pkg
copying /home/hankyeolyu/vilab/freshman/step2/NMEA-Parsing/build/ros2_nmea_pkg/build/lib/ros2_nmea_pkg/__init__.py -> /home/hankyeolyu/vilab/freshman/step2/NMEA-Parsing/install/ros2_nmea_pkg/lib/python3.8/site-packages/ros2_nmea_pkg
copying /home/hankyeolyu/vilab/freshman/step2/NMEA-Parsing/build/ros2_nmea_pkg/build/lib/ros2_nmea_pkg/nmea_subscriber.py -> /home/hankyeolyu/vilab/freshman/step2/NMEA-Parsing/install/ros2_nmea_pkg/lib/python3.8/site-packages/ros2_nmea_pkg
copying /home/hankyeolyu/vilab/freshman/step2/NMEA-Parsing/build/ros2_nmea_pkg/build/lib/ros2_nmea_pkg/serial_nmea_subscriber.py -> /home/hankyeolyu/vilab/freshman/step2/NMEA-Parsing/install/ros2_nmea_pkg/lib/python3.8/site-packages/ros2_nmea_pkg
copying /home/hankyeolyu/vilab/freshman/step2/NMEA-Parsing/build/ros2_nmea_pkg/build/lib/ros2_nmea_pkg/serial_nmea_publisher.py -> /home/hankyeolyu/vilab/freshman/step2/NMEA-Parsing/install/ros2_nmea_pkg/lib/python3.8/site-packages/ros2_nmea_pkg
byte-compiling /home/hankyeolyu/vilab/freshman/step2/NMEA-Parsing/install/ros2_nmea_pkg/lib/python3.8/site-packages/ros2_nmea_pkg/nmea_publisher.py to nmea_publisher.cpython-38.pyc
byte-compiling /home/hankyeolyu/vilab/freshman/step2/NMEA-Parsing/install/ros2_nmea_pkg/lib/python3.8/site-packages/ros2_nmea_pkg/__init__.py to __init__.cpython-38.pyc
byte-compiling /home/hankyeolyu/vilab/freshman/step2/NMEA-Parsing/install/ros2_nmea_pkg/lib/python3.8/site-packages/ros2_nmea_pkg/nmea_subscriber.py to nmea_subscriber.cpython-38.pyc
byte-compiling /home/hankyeolyu/vilab/freshman/step2/NMEA-Parsing/install/ros2_nmea_pkg/lib/python3.8/site-packages/ros2_nmea_pkg/serial_nmea_subscriber.py to serial_nmea_subscriber.cpython-38.pyc
byte-compiling /home/hankyeolyu/vilab/freshman/step2/NMEA-Parsing/install/ros2_nmea_pkg/lib/python3.8/site-packages/ros2_nmea_pkg/serial_nmea_publisher.py to serial_nmea_publisher.cpython-38.pyc
running install_data
creating /home/hankyeolyu/vilab/freshman/step2/NMEA-Parsing/install/ros2_nmea_pkg/share/ament_index
creating /home/hankyeolyu/vilab/freshman/step2/NMEA-Parsing/install/ros2_nmea_pkg/share/ament_index/resource_index
creating /home/hankyeolyu/vilab/freshman/step2/NMEA-Parsing/install/ros2_nmea_pkg/share/ament_index/resource_index/packages
copying resource/ros2_nmea_pkg -> /home/hankyeolyu/vilab/freshman/step2/NMEA-Parsing/install/ros2_nmea_pkg/share/ament_index/resource_index/packages
copying package.xml -> /home/hankyeolyu/vilab/freshman/step2/NMEA-Parsing/install/ros2_nmea_pkg/share/ros2_nmea_pkg
running install_egg_info
Copying ../build/ros2_nmea_pkg/ros2_nmea_pkg.egg-info to /home/hankyeolyu/vilab/freshman/step2/NMEA-Parsing/install/ros2_nmea_pkg/lib/python3.8/site-packages/ros2_nmea_pkg-0.0.0-py3.8.egg-info
running install_scripts
Installing nmea_publisher script to /home/hankyeolyu/vilab/freshman/step2/NMEA-Parsing/install/ros2_nmea_pkg/lib/ros2_nmea_pkg
Installing nmea_subscriber script to /home/hankyeolyu/vilab/freshman/step2/NMEA-Parsing/install/ros2_nmea_pkg/lib/ros2_nmea_pkg
Installing serial_nmea_publisher script to /home/hankyeolyu/vilab/freshman/step2/NMEA-Parsing/install/ros2_nmea_pkg/lib/ros2_nmea_pkg
Installing serial_nmea_subscriber script to /home/hankyeolyu/vilab/freshman/step2/NMEA-Parsing/install/ros2_nmea_pkg/lib/ros2_nmea_pkg
writing list of installed files to '/home/hankyeolyu/vilab/freshman/step2/NMEA-Parsing/build/ros2_nmea_pkg/install.log'
