[0.921s] Invoking command in '/home/hankyeolyu/vilab/freshman/step2/NMEA-Parsing/src': PYTHONPATH=/home/hankyeolyu/vilab/freshman/step2/NMEA-Parsing/build/ros2_nmea_pkg/prefix_override:/home/hankyeolyu/vilab/freshman/step2/NMEA-Parsing/install/ros2_nmea_pkg/lib/python3.8/site-packages:${PYTHONPATH} /usr/bin/python3 setup.py egg_info --egg-base ../build/ros2_nmea_pkg build --build-base /home/hankyeolyu/vilab/freshman/step2/NMEA-Parsing/build/ros2_nmea_pkg/build install --record /home/hankyeolyu/vilab/freshman/step2/NMEA-Parsing/build/ros2_nmea_pkg/install.log --install-scripts $base/lib/ros2_nmea_pkg --single-version-externally-managed
[1.032s] running egg_info
[1.032s] creating ../build/ros2_nmea_pkg/ros2_nmea_pkg.egg-info
[1.032s] writing ../build/ros2_nmea_pkg/ros2_nmea_pkg.egg-info/PKG-INFO
[1.032s] writing dependency_links to ../build/ros2_nmea_pkg/ros2_nmea_pkg.egg-info/dependency_links.txt
[1.032s] writing entry points to ../build/ros2_nmea_pkg/ros2_nmea_pkg.egg-info/entry_points.txt
[1.032s] writing requirements to ../build/ros2_nmea_pkg/ros2_nmea_pkg.egg-info/requires.txt
[1.032s] writing top-level names to ../build/ros2_nmea_pkg/ros2_nmea_pkg.egg-info/top_level.txt
[1.033s] writing manifest file '../build/ros2_nmea_pkg/ros2_nmea_pkg.egg-info/SOURCES.txt'
[1.050s] reading manifest file '../build/ros2_nmea_pkg/ros2_nmea_pkg.egg-info/SOURCES.txt'
[1.051s] writing manifest file '../build/ros2_nmea_pkg/ros2_nmea_pkg.egg-info/SOURCES.txt'
[1.051s] running build
[1.051s] running build_py
[1.051s] creating /home/hankyeolyu/vilab/freshman/step2/NMEA-Parsing/build/ros2_nmea_pkg/build
[1.051s] creating /home/hankyeolyu/vilab/freshman/step2/NMEA-Parsing/build/ros2_nmea_pkg/build/lib
[1.051s] creating /home/hankyeolyu/vilab/freshman/step2/NMEA-Parsing/build/ros2_nmea_pkg/build/lib/ros2_nmea_pkg
[1.051s] copying ros2_nmea_pkg/nmea_publisher.py -> /home/hankyeolyu/vilab/freshman/step2/NMEA-Parsing/build/ros2_nmea_pkg/build/lib/ros2_nmea_pkg
[1.051s] copying ros2_nmea_pkg/__init__.py -> /home/hankyeolyu/vilab/freshman/step2/NMEA-Parsing/build/ros2_nmea_pkg/build/lib/ros2_nmea_pkg
[1.051s] copying ros2_nmea_pkg/nmea_subscriber.py -> /home/hankyeolyu/vilab/freshman/step2/NMEA-Parsing/build/ros2_nmea_pkg/build/lib/ros2_nmea_pkg
[1.051s] copying ros2_nmea_pkg/serial_nmea_subscriber.py -> /home/hankyeolyu/vilab/freshman/step2/NMEA-Parsing/build/ros2_nmea_pkg/build/lib/ros2_nmea_pkg
[1.051s] copying ros2_nmea_pkg/serial_nmea_publisher.py -> /home/hankyeolyu/vilab/freshman/step2/NMEA-Parsing/build/ros2_nmea_pkg/build/lib/ros2_nmea_pkg
[1.051s] running install
[1.051s] running install_lib
[1.052s] creating /home/hankyeolyu/vilab/freshman/step2/NMEA-Parsing/install/ros2_nmea_pkg/lib/python3.8/site-packages/ros2_nmea_pkg
[1.052s] copying /home/hankyeolyu/vilab/freshman/step2/NMEA-Parsing/build/ros2_nmea_pkg/build/lib/ros2_nmea_pkg/nmea_publisher.py -> /home/hankyeolyu/vilab/freshman/step2/NMEA-Parsing/install/ros2_nmea_pkg/lib/python3.8/site-packages/ros2_nmea_pkg
[1.052s] copying /home/hankyeolyu/vilab/freshman/step2/NMEA-Parsing/build/ros2_nmea_pkg/build/lib/ros2_nmea_pkg/__init__.py -> /home/hankyeolyu/vilab/freshman/step2/NMEA-Parsing/install/ros2_nmea_pkg/lib/python3.8/site-packages/ros2_nmea_pkg
[1.052s] copying /home/hankyeolyu/vilab/freshman/step2/NMEA-Parsing/build/ros2_nmea_pkg/build/lib/ros2_nmea_pkg/nmea_subscriber.py -> /home/hankyeolyu/vilab/freshman/step2/NMEA-Parsing/install/ros2_nmea_pkg/lib/python3.8/site-packages/ros2_nmea_pkg
[1.052s] copying /home/hankyeolyu/vilab/freshman/step2/NMEA-Parsing/build/ros2_nmea_pkg/build/lib/ros2_nmea_pkg/serial_nmea_subscriber.py -> /home/hankyeolyu/vilab/freshman/step2/NMEA-Parsing/install/ros2_nmea_pkg/lib/python3.8/site-packages/ros2_nmea_pkg
[1.052s] copying /home/hankyeolyu/vilab/freshman/step2/NMEA-Parsing/build/ros2_nmea_pkg/build/lib/ros2_nmea_pkg/serial_nmea_publisher.py -> /home/hankyeolyu/vilab/freshman/step2/NMEA-Parsing/install/ros2_nmea_pkg/lib/python3.8/site-packages/ros2_nmea_pkg
[1.052s] byte-compiling /home/hankyeolyu/vilab/freshman/step2/NMEA-Parsing/install/ros2_nmea_pkg/lib/python3.8/site-packages/ros2_nmea_pkg/nmea_publisher.py to nmea_publisher.cpython-38.pyc
[1.053s] byte-compiling /home/hankyeolyu/vilab/freshman/step2/NMEA-Parsing/install/ros2_nmea_pkg/lib/python3.8/site-packages/ros2_nmea_pkg/__init__.py to __init__.cpython-38.pyc
[1.053s] byte-compiling /home/hankyeolyu/vilab/freshman/step2/NMEA-Parsing/install/ros2_nmea_pkg/lib/python3.8/site-packages/ros2_nmea_pkg/nmea_subscriber.py to nmea_subscriber.cpython-38.pyc
[1.053s] byte-compiling /home/hankyeolyu/vilab/freshman/step2/NMEA-Parsing/install/ros2_nmea_pkg/lib/python3.8/site-packages/ros2_nmea_pkg/serial_nmea_subscriber.py to serial_nmea_subscriber.cpython-38.pyc
[1.054s] byte-compiling /home/hankyeolyu/vilab/freshman/step2/NMEA-Parsing/install/ros2_nmea_pkg/lib/python3.8/site-packages/ros2_nmea_pkg/serial_nmea_publisher.py to serial_nmea_publisher.cpython-38.pyc
[1.054s] running install_data
[1.054s] creating /home/hankyeolyu/vilab/freshman/step2/NMEA-Parsing/install/ros2_nmea_pkg/share/ament_index
[1.054s] creating /home/hankyeolyu/vilab/freshman/step2/NMEA-Parsing/install/ros2_nmea_pkg/share/ament_index/resource_index
[1.054s] creating /home/hankyeolyu/vilab/freshman/step2/NMEA-Parsing/install/ros2_nmea_pkg/share/ament_index/resource_index/packages
[1.055s] copying resource/ros2_nmea_pkg -> /home/hankyeolyu/vilab/freshman/step2/NMEA-Parsing/install/ros2_nmea_pkg/share/ament_index/resource_index/packages
[1.055s] copying package.xml -> /home/hankyeolyu/vilab/freshman/step2/NMEA-Parsing/install/ros2_nmea_pkg/share/ros2_nmea_pkg
[1.055s] running install_egg_info
[1.055s] Copying ../build/ros2_nmea_pkg/ros2_nmea_pkg.egg-info to /home/hankyeolyu/vilab/freshman/step2/NMEA-Parsing/install/ros2_nmea_pkg/lib/python3.8/site-packages/ros2_nmea_pkg-0.0.0-py3.8.egg-info
[1.056s] running install_scripts
[1.066s] Installing nmea_publisher script to /home/hankyeolyu/vilab/freshman/step2/NMEA-Parsing/install/ros2_nmea_pkg/lib/ros2_nmea_pkg
[1.066s] Installing nmea_subscriber script to /home/hankyeolyu/vilab/freshman/step2/NMEA-Parsing/install/ros2_nmea_pkg/lib/ros2_nmea_pkg
[1.066s] Installing serial_nmea_publisher script to /home/hankyeolyu/vilab/freshman/step2/NMEA-Parsing/install/ros2_nmea_pkg/lib/ros2_nmea_pkg
[1.066s] Installing serial_nmea_subscriber script to /home/hankyeolyu/vilab/freshman/step2/NMEA-Parsing/install/ros2_nmea_pkg/lib/ros2_nmea_pkg
[1.066s] writing list of installed files to '/home/hankyeolyu/vilab/freshman/step2/NMEA-Parsing/build/ros2_nmea_pkg/install.log'
[1.079s] Invoked command in '/home/hankyeolyu/vilab/freshman/step2/NMEA-Parsing/src' returned '0': PYTHONPATH=/home/hankyeolyu/vilab/freshman/step2/NMEA-Parsing/build/ros2_nmea_pkg/prefix_override:/home/hankyeolyu/vilab/freshman/step2/NMEA-Parsing/install/ros2_nmea_pkg/lib/python3.8/site-packages:${PYTHONPATH} /usr/bin/python3 setup.py egg_info --egg-base ../build/ros2_nmea_pkg build --build-base /home/hankyeolyu/vilab/freshman/step2/NMEA-Parsing/build/ros2_nmea_pkg/build install --record /home/hankyeolyu/vilab/freshman/step2/NMEA-Parsing/build/ros2_nmea_pkg/install.log --install-scripts $base/lib/ros2_nmea_pkg --single-version-externally-managed
