Traceback (most recent call last):
  File "/opt/ros/foxy/share/rosidl_generator_c/cmake/../../../lib/rosidl_generator_c/rosidl_generator_c", line 8, in <module>
    from rosidl_generator_c import generate_c
  File "/opt/ros/foxy/lib/python3.8/site-packages/rosidl_generator_c/__init__.py", line 15, in <module>
    from rosidl_cmake import convert_camel_case_to_lower_case_underscore
  File "/opt/ros/foxy/lib/python3.8/site-packages/rosidl_cmake/__init__.py", line 24, in <module>
    from rosidl_parser.parser import parse_idl_file
  File "/opt/ros/foxy/lib/python3.8/site-packages/rosidl_parser/parser.py", line 20, in <module>
    from lark import Lark
ModuleNotFoundError: No module named 'lark'
make[2]: *** [CMakeFiles/nmea_msgs__rosidl_generator_c.dir/build.make:75: rosidl_generator_c/nmea_msgs/msg/nmea_data.h] Error 1
make[1]: *** [CMakeFiles/Makefile2:326: CMakeFiles/nmea_msgs__rosidl_generator_c.dir/all] Error 2
make[1]: *** Waiting for unfinished jobs....
Traceback (most recent call last):
  File "/opt/ros/foxy/share/rosidl_generator_cpp/cmake/../../../lib/rosidl_generator_cpp/rosidl_generator_cpp", line 8, in <module>
    from rosidl_generator_cpp import generate_cpp
  File "/opt/ros/foxy/lib/python3.8/site-packages/rosidl_generator_cpp/__init__.py", line 17, in <module>
    from rosidl_cmake import generate_files
  File "/opt/ros/foxy/lib/python3.8/site-packages/rosidl_cmake/__init__.py", line 24, in <module>
    from rosidl_parser.parser import parse_idl_file
  File "/opt/ros/foxy/lib/python3.8/site-packages/rosidl_parser/parser.py", line 20, in <module>
    from lark import Lark
ModuleNotFoundError: No module named 'lark'
make[2]: *** [CMakeFiles/nmea_msgs__cpp.dir/build.make:85: rosidl_generator_cpp/nmea_msgs/msg/nmea_data.hpp] Error 1
make[1]: *** [CMakeFiles/Makefile2:526: CMakeFiles/nmea_msgs__cpp.dir/all] Error 2
make: *** [Makefile:141: all] Error 2
