[0.330s] Invoking command in '/home/hankyeolyu/vilab/freshman/step2/NMEA-Parsing/build/nmea_msgs': CMAKE_PREFIX_PATH=/home/hankyeolyu/vilab/freshman/step2/NMEA-Parsing/install/ros2_nmea_pkg:/home/hankyeolyu/vilab/freshman/step2/nmea_ws/install/ros2_nmea_pkg:/opt/ros/foxy /usr/bin/cmake --build /home/hankyeolyu/vilab/freshman/step2/NMEA-Parsing/build/nmea_msgs -- -j12 -l12
[0.346s] -- Found ament_cmake: 0.9.12 (/opt/ros/foxy/share/ament_cmake/cmake)
[0.360s] -- Found PythonInterp: /home/hankyeolyu/anaconda3/bin/python3 (found suitable version "3.11.7", minimum required is "3") 
[0.360s] -- Using PYTHON_EXECUTABLE: /home/hankyeolyu/anaconda3/bin/python3
[0.459s] -- Found ament_lint_auto: 0.9.8 (/opt/ros/foxy/share/ament_lint_auto/cmake)
[0.514s] -- Found rosidl_default_generators: 1.0.1 (/opt/ros/foxy/share/rosidl_default_generators/cmake)
[0.515s] -- Using all available rosidl_typesupport_c: rosidl_typesupport_fastrtps_c;rosidl_typesupport_introspection_c
[0.516s] -- Found rosidl_adapter: 1.3.1 (/opt/ros/foxy/share/rosidl_adapter/cmake)
[0.599s] -- Using all available rosidl_typesupport_cpp: rosidl_typesupport_fastrtps_cpp;rosidl_typesupport_introspection_cpp
[0.624s] -- Found PythonInterp: /home/hankyeolyu/anaconda3/bin/python3 (found version "3.11.7") 
[0.663s] -- Found ament_cmake_ros: 0.9.2 (/opt/ros/foxy/share/ament_cmake_ros/cmake)
[0.721s] -- Using all available rosidl_typesupport_c: rosidl_typesupport_fastrtps_c;rosidl_typesupport_introspection_c
[0.725s] -- Using all available rosidl_typesupport_cpp: rosidl_typesupport_fastrtps_cpp;rosidl_typesupport_introspection_cpp
[0.739s] -- Found PythonInterp: /home/hankyeolyu/anaconda3/bin/python3 (found suitable version "3.11.7", minimum required is "3.5") 
[0.739s] -- Found python_cmake_module: 0.8.1 (/opt/ros/foxy/share/python_cmake_module/cmake)
[0.752s] -- Using PYTHON_EXECUTABLE: /home/hankyeolyu/anaconda3/bin/python3
[0.753s] -- Using PYTHON_INCLUDE_DIRS: /home/hankyeolyu/anaconda3/include/python3.11
[0.753s] -- Using PYTHON_LIBRARIES: /home/hankyeolyu/anaconda3/lib/libpython3.11.so
[0.828s] -- Using numpy include directory: /home/hankyeolyu/anaconda3/lib/python3.11/site-packages/numpy/core/include
[0.834s] -- Added test 'copyright' to check source files copyright and LICENSE
[0.835s] -- Added test 'lint_cmake' to check CMake code style
[0.835s] -- Added test 'xmllint' to check XML markup files
[0.837s] -- Configuring done
[0.852s] -- Generating done
[0.854s] -- Build files have been written to: /home/hankyeolyu/vilab/freshman/step2/NMEA-Parsing/build/nmea_msgs
[0.871s] [  3%] [34m[1mGenerating C code for ROS interfaces[0m
[0.877s] [  6%] [34m[1mGenerating C++ code for ROS interfaces[0m
[0.902s] Traceback (most recent call last):
[0.902s]   File "/opt/ros/foxy/share/rosidl_generator_c/cmake/../../../lib/rosidl_generator_c/rosidl_generator_c", line 8, in <module>
[0.902s]     from rosidl_generator_c import generate_c
[0.902s]   File "/opt/ros/foxy/lib/python3.8/site-packages/rosidl_generator_c/__init__.py", line 15, in <module>
[0.902s]     from rosidl_cmake import convert_camel_case_to_lower_case_underscore
[0.902s]   File "/opt/ros/foxy/lib/python3.8/site-packages/rosidl_cmake/__init__.py", line 24, in <module>
[0.902s]     from rosidl_parser.parser import parse_idl_file
[0.902s]   File "/opt/ros/foxy/lib/python3.8/site-packages/rosidl_parser/parser.py", line 20, in <module>
[0.902s]     from lark import Lark
[0.902s] ModuleNotFoundError: No module named 'lark'
[0.907s] make[2]: *** [CMakeFiles/nmea_msgs__rosidl_generator_c.dir/build.make:75: rosidl_generator_c/nmea_msgs/msg/nmea_data.h] Error 1
[0.907s] make[1]: *** [CMakeFiles/Makefile2:326: CMakeFiles/nmea_msgs__rosidl_generator_c.dir/all] Error 2
[0.907s] make[1]: *** Waiting for unfinished jobs....
[0.908s] Traceback (most recent call last):
[0.908s]   File "/opt/ros/foxy/share/rosidl_generator_cpp/cmake/../../../lib/rosidl_generator_cpp/rosidl_generator_cpp", line 8, in <module>
[0.909s]     from rosidl_generator_cpp import generate_cpp
[0.909s]   File "/opt/ros/foxy/lib/python3.8/site-packages/rosidl_generator_cpp/__init__.py", line 17, in <module>
[0.909s]     from rosidl_cmake import generate_files
[0.909s]   File "/opt/ros/foxy/lib/python3.8/site-packages/rosidl_cmake/__init__.py", line 24, in <module>
[0.909s]     from rosidl_parser.parser import parse_idl_file
[0.909s]   File "/opt/ros/foxy/lib/python3.8/site-packages/rosidl_parser/parser.py", line 20, in <module>
[0.909s]     from lark import Lark
[0.909s] ModuleNotFoundError: No module named 'lark'
[0.913s] make[2]: *** [CMakeFiles/nmea_msgs__cpp.dir/build.make:85: rosidl_generator_cpp/nmea_msgs/msg/nmea_data.hpp] Error 1
[0.914s] make[1]: *** [CMakeFiles/Makefile2:526: CMakeFiles/nmea_msgs__cpp.dir/all] Error 2
[0.914s] make: *** [Makefile:141: all] Error 2
[0.916s] Invoked command in '/home/hankyeolyu/vilab/freshman/step2/NMEA-Parsing/build/nmea_msgs' returned '2': CMAKE_PREFIX_PATH=/home/hankyeolyu/vilab/freshman/step2/NMEA-Parsing/install/ros2_nmea_pkg:/home/hankyeolyu/vilab/freshman/step2/nmea_ws/install/ros2_nmea_pkg:/opt/ros/foxy /usr/bin/cmake --build /home/hankyeolyu/vilab/freshman/step2/NMEA-Parsing/build/nmea_msgs -- -j12 -l12
